running develop
running egg_info
creating my_robot_bridge.egg-info
writing my_robot_bridge.egg-info/PKG-INFO
writing dependency_links to my_robot_bridge.egg-info/dependency_links.txt
writing entry points to my_robot_bridge.egg-info/entry_points.txt
writing requirements to my_robot_bridge.egg-info/requires.txt
writing top-level names to my_robot_bridge.egg-info/top_level.txt
writing manifest file 'my_robot_bridge.egg-info/SOURCES.txt'
reading manifest file 'my_robot_bridge.egg-info/SOURCES.txt'
writing manifest file 'my_robot_bridge.egg-info/SOURCES.txt'
running build_ext
Creating /home/azem/azemauto/ros2_ws/install/my_robot_bridge/lib/python3.10/site-packages/my-robot-bridge.egg-link (link to .)
Installing mavros_bridge script to /home/azem/azemauto/ros2_ws/install/my_robot_bridge/lib/my_robot_bridge

Installed /home/azem/azemauto/ros2_ws/build/my_robot_bridge
running symlink_data
creating /home/azem/azemauto/ros2_ws/install/my_robot_bridge/share/ament_index
creating /home/azem/azemauto/ros2_ws/install/my_robot_bridge/share/ament_index/resource_index
creating /home/azem/azemauto/ros2_ws/install/my_robot_bridge/share/ament_index/resource_index/packages
symbolically linking /home/azem/azemauto/ros2_ws/build/my_robot_bridge/resource/my_robot_bridge -> /home/azem/azemauto/ros2_ws/install/my_robot_bridge/share/ament_index/resource_index/packages
symbolically linking /home/azem/azemauto/ros2_ws/build/my_robot_bridge/package.xml -> /home/azem/azemauto/ros2_ws/install/my_robot_bridge/share/my_robot_bridge
