[0.850s] Invoking command in '/home/azem/azemauto/ros2_ws/build/my_robot_bridge': PYTHONPATH=/home/azem/azemauto/ros2_ws/build/my_robot_bridge/prefix_override:/usr/lib/python3/dist-packages/colcon_core/task/python/colcon_distutils_commands:/home/azem/azemauto/ros2_ws/install/my_robot_bridge/lib/python3.10/site-packages:${PYTHONPATH} /usr/bin/python3 -W ignore:setup.py install is deprecated -W ignore:easy_install command is deprecated setup.py develop --editable --build-directory /home/azem/azemauto/ros2_ws/build/my_robot_bridge/build --no-deps symlink_data
[1.132s] running develop
[1.337s] running egg_info
[1.337s] creating my_robot_bridge.egg-info
[1.337s] writing my_robot_bridge.egg-info/PKG-INFO
[1.337s] writing dependency_links to my_robot_bridge.egg-info/dependency_links.txt
[1.337s] writing entry points to my_robot_bridge.egg-info/entry_points.txt
[1.337s] writing requirements to my_robot_bridge.egg-info/requires.txt
[1.338s] writing top-level names to my_robot_bridge.egg-info/top_level.txt
[1.338s] writing manifest file 'my_robot_bridge.egg-info/SOURCES.txt'
[1.340s] reading manifest file 'my_robot_bridge.egg-info/SOURCES.txt'
[1.340s] writing manifest file 'my_robot_bridge.egg-info/SOURCES.txt'
[1.342s] running build_ext
[1.342s] Creating /home/azem/azemauto/ros2_ws/install/my_robot_bridge/lib/python3.10/site-packages/my-robot-bridge.egg-link (link to .)
[1.344s] Installing mavros_bridge script to /home/azem/azemauto/ros2_ws/install/my_robot_bridge/lib/my_robot_bridge
[1.344s] 
[1.344s] Installed /home/azem/azemauto/ros2_ws/build/my_robot_bridge
[1.344s] running symlink_data
[1.344s] creating /home/azem/azemauto/ros2_ws/install/my_robot_bridge/share/ament_index
[1.344s] creating /home/azem/azemauto/ros2_ws/install/my_robot_bridge/share/ament_index/resource_index
[1.345s] creating /home/azem/azemauto/ros2_ws/install/my_robot_bridge/share/ament_index/resource_index/packages
[1.345s] symbolically linking /home/azem/azemauto/ros2_ws/build/my_robot_bridge/resource/my_robot_bridge -> /home/azem/azemauto/ros2_ws/install/my_robot_bridge/share/ament_index/resource_index/packages
[1.345s] symbolically linking /home/azem/azemauto/ros2_ws/build/my_robot_bridge/package.xml -> /home/azem/azemauto/ros2_ws/install/my_robot_bridge/share/my_robot_bridge
[1.403s] Invoked command in '/home/azem/azemauto/ros2_ws/build/my_robot_bridge' returned '0': PYTHONPATH=/home/azem/azemauto/ros2_ws/build/my_robot_bridge/prefix_override:/usr/lib/python3/dist-packages/colcon_core/task/python/colcon_distutils_commands:/home/azem/azemauto/ros2_ws/install/my_robot_bridge/lib/python3.10/site-packages:${PYTHONPATH} /usr/bin/python3 -W ignore:setup.py install is deprecated -W ignore:easy_install command is deprecated setup.py develop --editable --build-directory /home/azem/azemauto/ros2_ws/build/my_robot_bridge/build --no-deps symlink_data
