[0.101s] DEBUG:colcon:Command line arguments: ['/usr/bin/colcon', 'build', '--symlink-install', '--packages-select', 'my_robot_bridge', 'my_robot_bringup', 'my_robot_rviz']
[0.101s] DEBUG:colcon:Parsed command line arguments: Namespace(log_base=None, log_level=None, verb_name='build', build_base='build', install_base='install', merge_install=False, symlink_install=True, test_result_base=None, continue_on_error=False, executor='parallel', parallel_workers=12, event_handlers=None, ignore_user_meta=False, metas=['./colcon.meta'], base_paths=['.'], packages_ignore=None, packages_ignore_regex=None, paths=None, packages_up_to=None, packages_up_to_regex=None, packages_above=None, packages_above_and_dependencies=None, packages_above_depth=None, packages_select_by_dep=None, packages_skip_by_dep=None, packages_skip_up_to=None, packages_select_build_failed=False, packages_skip_build_finished=False, packages_select_test_failures=False, packages_skip_test_passed=False, packages_select=['my_robot_bridge', 'my_robot_bringup', 'my_robot_rviz'], packages_skip=None, packages_select_regex=None, packages_skip_regex=None, packages_start=None, packages_end=None, allow_overriding=[], cmake_args=None, cmake_target=None, cmake_target_skip_unavailable=False, cmake_clean_cache=False, cmake_clean_first=False, cmake_force_configure=False, ament_cmake_args=None, catkin_cmake_args=None, catkin_skip_building_tests=False, verb_parser=<colcon_defaults.argument_parser.defaults.DefaultArgumentsDecorator object at 0x7af233558730>, verb_extension=<colcon_core.verb.build.BuildVerb object at 0x7af233558130>, main=<bound method BuildVerb.main of <colcon_core.verb.build.BuildVerb object at 0x7af233558130>>)
[0.263s] Level 1:colcon.colcon_core.package_discovery:discover_packages(colcon_meta) check parameters
[0.263s] Level 1:colcon.colcon_core.package_discovery:discover_packages(recursive) check parameters
[0.263s] Level 1:colcon.colcon_core.package_discovery:discover_packages(ignore) check parameters
[0.263s] Level 1:colcon.colcon_core.package_discovery:discover_packages(path) check parameters
[0.263s] Level 1:colcon.colcon_core.package_discovery:discover_packages(colcon_meta) discover
[0.263s] Level 1:colcon.colcon_core.package_discovery:discover_packages(recursive) discover
[0.263s] INFO:colcon.colcon_core.package_discovery:Crawling recursively for packages in '/home/azem/azemauto/ros2_ws'
[0.263s] Level 1:colcon.colcon_core.package_identification:_identify(.) by extensions ['ignore', 'ignore_ament_install']
[0.263s] Level 1:colcon.colcon_core.package_identification:_identify(.) by extension 'ignore'
[0.263s] Level 1:colcon.colcon_core.package_identification:_identify(.) by extension 'ignore_ament_install'
[0.263s] Level 1:colcon.colcon_core.package_identification:_identify(.) by extensions ['colcon_pkg']
[0.263s] Level 1:colcon.colcon_core.package_identification:_identify(.) by extension 'colcon_pkg'
[0.263s] Level 1:colcon.colcon_core.package_identification:_identify(.) by extensions ['colcon_meta']
[0.263s] Level 1:colcon.colcon_core.package_identification:_identify(.) by extension 'colcon_meta'
[0.263s] Level 1:colcon.colcon_core.package_identification:_identify(.) by extensions ['ros']
[0.263s] Level 1:colcon.colcon_core.package_identification:_identify(.) by extension 'ros'
[0.273s] Level 1:colcon.colcon_core.package_identification:_identify(.) by extensions ['cmake', 'python']
[0.273s] Level 1:colcon.colcon_core.package_identification:_identify(.) by extension 'cmake'
[0.273s] Level 1:colcon.colcon_core.package_identification:_identify(.) by extension 'python'
[0.273s] Level 1:colcon.colcon_core.package_identification:_identify(.) by extensions ['python_setup_py']
[0.273s] Level 1:colcon.colcon_core.package_identification:_identify(.) by extension 'python_setup_py'
[0.273s] Level 1:colcon.colcon_core.package_identification:_identify(build) by extensions ['ignore', 'ignore_ament_install']
[0.273s] Level 1:colcon.colcon_core.package_identification:_identify(build) by extension 'ignore'
[0.274s] Level 1:colcon.colcon_core.package_identification:_identify(build) ignored
[0.274s] Level 1:colcon.colcon_core.package_identification:_identify(install) by extensions ['ignore', 'ignore_ament_install']
[0.274s] Level 1:colcon.colcon_core.package_identification:_identify(install) by extension 'ignore'
[0.274s] Level 1:colcon.colcon_core.package_identification:_identify(install) ignored
[0.274s] Level 1:colcon.colcon_core.package_identification:_identify(log) by extensions ['ignore', 'ignore_ament_install']
[0.274s] Level 1:colcon.colcon_core.package_identification:_identify(log) by extension 'ignore'
[0.274s] Level 1:colcon.colcon_core.package_identification:_identify(log) ignored
[0.274s] Level 1:colcon.colcon_core.package_identification:_identify(src) by extensions ['ignore', 'ignore_ament_install']
[0.274s] Level 1:colcon.colcon_core.package_identification:_identify(src) by extension 'ignore'
[0.274s] Level 1:colcon.colcon_core.package_identification:_identify(src) by extension 'ignore_ament_install'
[0.274s] Level 1:colcon.colcon_core.package_identification:_identify(src) by extensions ['colcon_pkg']
[0.274s] Level 1:colcon.colcon_core.package_identification:_identify(src) by extension 'colcon_pkg'
[0.274s] Level 1:colcon.colcon_core.package_identification:_identify(src) by extensions ['colcon_meta']
[0.274s] Level 1:colcon.colcon_core.package_identification:_identify(src) by extension 'colcon_meta'
[0.274s] Level 1:colcon.colcon_core.package_identification:_identify(src) by extensions ['ros']
[0.274s] Level 1:colcon.colcon_core.package_identification:_identify(src) by extension 'ros'
[0.275s] Level 1:colcon.colcon_core.package_identification:_identify(src) by extensions ['cmake', 'python']
[0.275s] Level 1:colcon.colcon_core.package_identification:_identify(src) by extension 'cmake'
[0.275s] Level 1:colcon.colcon_core.package_identification:_identify(src) by extension 'python'
[0.275s] Level 1:colcon.colcon_core.package_identification:_identify(src) by extensions ['python_setup_py']
[0.275s] Level 1:colcon.colcon_core.package_identification:_identify(src) by extension 'python_setup_py'
[0.275s] Level 1:colcon.colcon_core.package_identification:_identify(src/my_robot_bridge) by extensions ['ignore', 'ignore_ament_install']
[0.275s] Level 1:colcon.colcon_core.package_identification:_identify(src/my_robot_bridge) by extension 'ignore'
[0.275s] Level 1:colcon.colcon_core.package_identification:_identify(src/my_robot_bridge) by extension 'ignore_ament_install'
[0.275s] Level 1:colcon.colcon_core.package_identification:_identify(src/my_robot_bridge) by extensions ['colcon_pkg']
[0.275s] Level 1:colcon.colcon_core.package_identification:_identify(src/my_robot_bridge) by extension 'colcon_pkg'
[0.275s] Level 1:colcon.colcon_core.package_identification:_identify(src/my_robot_bridge) by extensions ['colcon_meta']
[0.275s] Level 1:colcon.colcon_core.package_identification:_identify(src/my_robot_bridge) by extension 'colcon_meta'
[0.275s] Level 1:colcon.colcon_core.package_identification:_identify(src/my_robot_bridge) by extensions ['ros']
[0.275s] Level 1:colcon.colcon_core.package_identification:_identify(src/my_robot_bridge) by extension 'ros'
[0.278s] DEBUG:colcon.colcon_core.package_identification:Package 'src/my_robot_bridge' with type 'ros.ament_python' and name 'my_robot_bridge'
[0.278s] Level 1:colcon.colcon_core.package_identification:_identify(src/my_robot_bringup) by extensions ['ignore', 'ignore_ament_install']
[0.278s] Level 1:colcon.colcon_core.package_identification:_identify(src/my_robot_bringup) by extension 'ignore'
[0.278s] Level 1:colcon.colcon_core.package_identification:_identify(src/my_robot_bringup) by extension 'ignore_ament_install'
[0.278s] Level 1:colcon.colcon_core.package_identification:_identify(src/my_robot_bringup) by extensions ['colcon_pkg']
[0.278s] Level 1:colcon.colcon_core.package_identification:_identify(src/my_robot_bringup) by extension 'colcon_pkg'
[0.278s] Level 1:colcon.colcon_core.package_identification:_identify(src/my_robot_bringup) by extensions ['colcon_meta']
[0.278s] Level 1:colcon.colcon_core.package_identification:_identify(src/my_robot_bringup) by extension 'colcon_meta'
[0.278s] Level 1:colcon.colcon_core.package_identification:_identify(src/my_robot_bringup) by extensions ['ros']
[0.278s] Level 1:colcon.colcon_core.package_identification:_identify(src/my_robot_bringup) by extension 'ros'
[0.279s] DEBUG:colcon.colcon_core.package_identification:Package 'src/my_robot_bringup' with type 'ros.ament_python' and name 'my_robot_bringup'
[0.279s] Level 1:colcon.colcon_core.package_identification:_identify(src/my_robot_description) by extensions ['ignore', 'ignore_ament_install']
[0.279s] Level 1:colcon.colcon_core.package_identification:_identify(src/my_robot_description) by extension 'ignore'
[0.279s] Level 1:colcon.colcon_core.package_identification:_identify(src/my_robot_description) by extension 'ignore_ament_install'
[0.279s] Level 1:colcon.colcon_core.package_identification:_identify(src/my_robot_description) by extensions ['colcon_pkg']
[0.279s] Level 1:colcon.colcon_core.package_identification:_identify(src/my_robot_description) by extension 'colcon_pkg'
[0.279s] Level 1:colcon.colcon_core.package_identification:_identify(src/my_robot_description) by extensions ['colcon_meta']
[0.279s] Level 1:colcon.colcon_core.package_identification:_identify(src/my_robot_description) by extension 'colcon_meta'
[0.279s] Level 1:colcon.colcon_core.package_identification:_identify(src/my_robot_description) by extensions ['ros']
[0.280s] Level 1:colcon.colcon_core.package_identification:_identify(src/my_robot_description) by extension 'ros'
[0.280s] DEBUG:colcon.colcon_core.package_identification:Package 'src/my_robot_description' with type 'ros.ament_cmake' and name 'my_robot_description'
[0.280s] Level 1:colcon.colcon_core.package_identification:_identify(src/my_robot_rviz) by extensions ['ignore', 'ignore_ament_install']
[0.280s] Level 1:colcon.colcon_core.package_identification:_identify(src/my_robot_rviz) by extension 'ignore'
[0.280s] Level 1:colcon.colcon_core.package_identification:_identify(src/my_robot_rviz) by extension 'ignore_ament_install'
[0.280s] Level 1:colcon.colcon_core.package_identification:_identify(src/my_robot_rviz) by extensions ['colcon_pkg']
[0.281s] Level 1:colcon.colcon_core.package_identification:_identify(src/my_robot_rviz) by extension 'colcon_pkg'
[0.281s] Level 1:colcon.colcon_core.package_identification:_identify(src/my_robot_rviz) by extensions ['colcon_meta']
[0.281s] Level 1:colcon.colcon_core.package_identification:_identify(src/my_robot_rviz) by extension 'colcon_meta'
[0.281s] Level 1:colcon.colcon_core.package_identification:_identify(src/my_robot_rviz) by extensions ['ros']
[0.281s] Level 1:colcon.colcon_core.package_identification:_identify(src/my_robot_rviz) by extension 'ros'
[0.281s] DEBUG:colcon.colcon_core.package_identification:Package 'src/my_robot_rviz' with type 'ros.ament_cmake' and name 'my_robot_rviz'
[0.281s] Level 1:colcon.colcon_core.package_discovery:discover_packages(recursive) using defaults
[0.281s] Level 1:colcon.colcon_core.package_discovery:discover_packages(ignore) discover
[0.281s] Level 1:colcon.colcon_core.package_discovery:discover_packages(ignore) using defaults
[0.282s] Level 1:colcon.colcon_core.package_discovery:discover_packages(path) discover
[0.282s] Level 1:colcon.colcon_core.package_discovery:discover_packages(path) using defaults
[0.316s] INFO:colcon.colcon_core.package_selection:Skipping not selected package 'my_robot_description' in 'src/my_robot_description'
[0.317s] Level 1:colcon.colcon_core.package_discovery:discover_packages(prefix_path) check parameters
[0.317s] Level 1:colcon.colcon_core.package_discovery:discover_packages(prefix_path) discover
[0.319s] DEBUG:colcon.colcon_installed_package_information.package_discovery:Found 371 installed packages in /opt/ros/humble
[0.321s] Level 1:colcon.colcon_core.package_discovery:discover_packages(prefix_path) using defaults
[0.364s] Level 5:colcon.colcon_core.verb:set package 'my_robot_bridge' build argument 'cmake_args' from command line to 'None'
[0.365s] Level 5:colcon.colcon_core.verb:set package 'my_robot_bridge' build argument 'cmake_target' from command line to 'None'
[0.365s] Level 5:colcon.colcon_core.verb:set package 'my_robot_bridge' build argument 'cmake_target_skip_unavailable' from command line to 'False'
[0.365s] Level 5:colcon.colcon_core.verb:set package 'my_robot_bridge' build argument 'cmake_clean_cache' from command line to 'False'
[0.365s] Level 5:colcon.colcon_core.verb:set package 'my_robot_bridge' build argument 'cmake_clean_first' from command line to 'False'
[0.365s] Level 5:colcon.colcon_core.verb:set package 'my_robot_bridge' build argument 'cmake_force_configure' from command line to 'False'
[0.365s] Level 5:colcon.colcon_core.verb:set package 'my_robot_bridge' build argument 'ament_cmake_args' from command line to 'None'
[0.365s] Level 5:colcon.colcon_core.verb:set package 'my_robot_bridge' build argument 'catkin_cmake_args' from command line to 'None'
[0.365s] Level 5:colcon.colcon_core.verb:set package 'my_robot_bridge' build argument 'catkin_skip_building_tests' from command line to 'False'
[0.365s] DEBUG:colcon.colcon_core.verb:Building package 'my_robot_bridge' with the following arguments: {'ament_cmake_args': None, 'build_base': '/home/azem/azemauto/ros2_ws/build/my_robot_bridge', 'catkin_cmake_args': None, 'catkin_skip_building_tests': False, 'cmake_args': None, 'cmake_clean_cache': False, 'cmake_clean_first': False, 'cmake_force_configure': False, 'cmake_target': None, 'cmake_target_skip_unavailable': False, 'install_base': '/home/azem/azemauto/ros2_ws/install/my_robot_bridge', 'merge_install': False, 'path': '/home/azem/azemauto/ros2_ws/src/my_robot_bridge', 'symlink_install': True, 'test_result_base': None}
[0.365s] Level 5:colcon.colcon_core.verb:set package 'my_robot_rviz' build argument 'cmake_args' from command line to 'None'
[0.365s] Level 5:colcon.colcon_core.verb:set package 'my_robot_rviz' build argument 'cmake_target' from command line to 'None'
[0.365s] Level 5:colcon.colcon_core.verb:set package 'my_robot_rviz' build argument 'cmake_target_skip_unavailable' from command line to 'False'
[0.365s] Level 5:colcon.colcon_core.verb:set package 'my_robot_rviz' build argument 'cmake_clean_cache' from command line to 'False'
[0.365s] Level 5:colcon.colcon_core.verb:set package 'my_robot_rviz' build argument 'cmake_clean_first' from command line to 'False'
[0.365s] Level 5:colcon.colcon_core.verb:set package 'my_robot_rviz' build argument 'cmake_force_configure' from command line to 'False'
[0.366s] Level 5:colcon.colcon_core.verb:set package 'my_robot_rviz' build argument 'ament_cmake_args' from command line to 'None'
[0.366s] Level 5:colcon.colcon_core.verb:set package 'my_robot_rviz' build argument 'catkin_cmake_args' from command line to 'None'
[0.366s] Level 5:colcon.colcon_core.verb:set package 'my_robot_rviz' build argument 'catkin_skip_building_tests' from command line to 'False'
[0.366s] DEBUG:colcon.colcon_core.verb:Building package 'my_robot_rviz' with the following arguments: {'ament_cmake_args': None, 'build_base': '/home/azem/azemauto/ros2_ws/build/my_robot_rviz', 'catkin_cmake_args': None, 'catkin_skip_building_tests': False, 'cmake_args': None, 'cmake_clean_cache': False, 'cmake_clean_first': False, 'cmake_force_configure': False, 'cmake_target': None, 'cmake_target_skip_unavailable': False, 'install_base': '/home/azem/azemauto/ros2_ws/install/my_robot_rviz', 'merge_install': False, 'path': '/home/azem/azemauto/ros2_ws/src/my_robot_rviz', 'symlink_install': True, 'test_result_base': None}
[0.366s] Level 5:colcon.colcon_core.verb:set package 'my_robot_bringup' build argument 'cmake_args' from command line to 'None'
[0.366s] Level 5:colcon.colcon_core.verb:set package 'my_robot_bringup' build argument 'cmake_target' from command line to 'None'
[0.366s] Level 5:colcon.colcon_core.verb:set package 'my_robot_bringup' build argument 'cmake_target_skip_unavailable' from command line to 'False'
[0.366s] Level 5:colcon.colcon_core.verb:set package 'my_robot_bringup' build argument 'cmake_clean_cache' from command line to 'False'
[0.366s] Level 5:colcon.colcon_core.verb:set package 'my_robot_bringup' build argument 'cmake_clean_first' from command line to 'False'
[0.366s] Level 5:colcon.colcon_core.verb:set package 'my_robot_bringup' build argument 'cmake_force_configure' from command line to 'False'
[0.366s] Level 5:colcon.colcon_core.verb:set package 'my_robot_bringup' build argument 'ament_cmake_args' from command line to 'None'
[0.366s] Level 5:colcon.colcon_core.verb:set package 'my_robot_bringup' build argument 'catkin_cmake_args' from command line to 'None'
[0.366s] Level 5:colcon.colcon_core.verb:set package 'my_robot_bringup' build argument 'catkin_skip_building_tests' from command line to 'False'
[0.366s] DEBUG:colcon.colcon_core.verb:Building package 'my_robot_bringup' with the following arguments: {'ament_cmake_args': None, 'build_base': '/home/azem/azemauto/ros2_ws/build/my_robot_bringup', 'catkin_cmake_args': None, 'catkin_skip_building_tests': False, 'cmake_args': None, 'cmake_clean_cache': False, 'cmake_clean_first': False, 'cmake_force_configure': False, 'cmake_target': None, 'cmake_target_skip_unavailable': False, 'install_base': '/home/azem/azemauto/ros2_ws/install/my_robot_bringup', 'merge_install': False, 'path': '/home/azem/azemauto/ros2_ws/src/my_robot_bringup', 'symlink_install': True, 'test_result_base': None}
[0.367s] INFO:colcon.colcon_core.executor:Executing jobs using 'parallel' executor
[0.368s] DEBUG:colcon.colcon_parallel_executor.executor.parallel:run_until_complete
[0.368s] INFO:colcon.colcon_ros.task.ament_python.build:Building ROS package in '/home/azem/azemauto/ros2_ws/src/my_robot_bridge' with build type 'ament_python'
[0.368s] Level 1:colcon.colcon_core.shell:create_environment_hook('my_robot_bridge', 'ament_prefix_path')
[0.370s] INFO:colcon.colcon_core.plugin_system:Skipping extension 'colcon_core.shell.bat': Not used on non-Windows systems
[0.370s] INFO:colcon.colcon_core.shell:Creating environment hook '/home/azem/azemauto/ros2_ws/install/my_robot_bridge/share/my_robot_bridge/hook/ament_prefix_path.ps1'
[0.371s] INFO:colcon.colcon_core.shell:Creating environment descriptor '/home/azem/azemauto/ros2_ws/install/my_robot_bridge/share/my_robot_bridge/hook/ament_prefix_path.dsv'
[0.371s] INFO:colcon.colcon_core.shell:Creating environment hook '/home/azem/azemauto/ros2_ws/install/my_robot_bridge/share/my_robot_bridge/hook/ament_prefix_path.sh'
[0.372s] INFO:colcon.colcon_core.shell:Skip shell extension 'powershell' for command environment: Not usable outside of PowerShell
[0.372s] DEBUG:colcon.colcon_core.shell:Skip shell extension 'dsv' for command environment
[0.375s] INFO:colcon.colcon_ros.task.ament_cmake.build:Building ROS package in '/home/azem/azemauto/ros2_ws/src/my_robot_rviz' with build type 'ament_cmake'
[0.375s] INFO:colcon.colcon_cmake.task.cmake.build:Building CMake package in '/home/azem/azemauto/ros2_ws/src/my_robot_rviz'
[0.375s] INFO:colcon.colcon_core.shell:Skip shell extension 'powershell' for command environment: Not usable outside of PowerShell
[0.375s] DEBUG:colcon.colcon_core.shell:Skip shell extension 'dsv' for command environment
[0.593s] INFO:colcon.colcon_core.task.python.build:Building Python package in '/home/azem/azemauto/ros2_ws/src/my_robot_bridge'
[0.593s] INFO:colcon.colcon_core.shell:Skip shell extension 'powershell' for command environment: Not usable outside of PowerShell
[0.593s] DEBUG:colcon.colcon_core.shell:Skip shell extension 'dsv' for command environment
[0.599s] DEBUG:colcon.colcon_core.event_handler.log_command:Invoking command in '/home/azem/azemauto/ros2_ws/build/my_robot_rviz': CMAKE_PREFIX_PATH=/opt/ros/humble /usr/bin/cmake --build /home/azem/azemauto/ros2_ws/build/my_robot_rviz -- -j12 -l12
[0.625s] DEBUG:colcon.colcon_core.event_handler.log_command:Invoked command in '/home/azem/azemauto/ros2_ws/build/my_robot_rviz' returned '0': CMAKE_PREFIX_PATH=/opt/ros/humble /usr/bin/cmake --build /home/azem/azemauto/ros2_ws/build/my_robot_rviz -- -j12 -l12
[0.633s] DEBUG:colcon.colcon_core.event_handler.log_command:Invoking command in '/home/azem/azemauto/ros2_ws/build/my_robot_rviz': CMAKE_PREFIX_PATH=/opt/ros/humble /usr/bin/cmake --install /home/azem/azemauto/ros2_ws/build/my_robot_rviz
[0.654s] Level 1:colcon.colcon_core.environment:create_environment_scripts_only(my_robot_rviz)
[0.655s] DEBUG:colcon.colcon_core.event_handler.log_command:Invoked command in '/home/azem/azemauto/ros2_ws/build/my_robot_rviz' returned '0': CMAKE_PREFIX_PATH=/opt/ros/humble /usr/bin/cmake --install /home/azem/azemauto/ros2_ws/build/my_robot_rviz
[0.657s] Level 1:colcon.colcon_core.environment:checking '/home/azem/azemauto/ros2_ws/install/my_robot_rviz' for CMake module files
[0.657s] Level 1:colcon.colcon_core.environment:checking '/home/azem/azemauto/ros2_ws/install/my_robot_rviz' for CMake config files
[0.657s] Level 1:colcon.colcon_core.shell:create_environment_hook('my_robot_rviz', 'cmake_prefix_path')
[0.657s] INFO:colcon.colcon_core.shell:Creating environment hook '/home/azem/azemauto/ros2_ws/install/my_robot_rviz/share/my_robot_rviz/hook/cmake_prefix_path.ps1'
[0.658s] INFO:colcon.colcon_core.shell:Creating environment descriptor '/home/azem/azemauto/ros2_ws/install/my_robot_rviz/share/my_robot_rviz/hook/cmake_prefix_path.dsv'
[0.658s] INFO:colcon.colcon_core.shell:Creating environment hook '/home/azem/azemauto/ros2_ws/install/my_robot_rviz/share/my_robot_rviz/hook/cmake_prefix_path.sh'
[0.659s] Level 1:colcon.colcon_core.environment:checking '/home/azem/azemauto/ros2_ws/install/my_robot_rviz/bin'
[0.659s] Level 1:colcon.colcon_core.environment:checking '/home/azem/azemauto/ros2_ws/install/my_robot_rviz/lib/pkgconfig/my_robot_rviz.pc'
[0.659s] Level 1:colcon.colcon_core.environment:checking '/home/azem/azemauto/ros2_ws/install/my_robot_rviz/lib/python3.10/site-packages'
[0.659s] Level 1:colcon.colcon_core.environment:checking '/home/azem/azemauto/ros2_ws/install/my_robot_rviz/bin'
[0.660s] INFO:colcon.colcon_core.shell:Creating package script '/home/azem/azemauto/ros2_ws/install/my_robot_rviz/share/my_robot_rviz/package.ps1'
[0.660s] INFO:colcon.colcon_core.shell:Creating package descriptor '/home/azem/azemauto/ros2_ws/install/my_robot_rviz/share/my_robot_rviz/package.dsv'
[0.661s] INFO:colcon.colcon_core.shell:Creating package script '/home/azem/azemauto/ros2_ws/install/my_robot_rviz/share/my_robot_rviz/package.sh'
[0.661s] INFO:colcon.colcon_core.shell:Creating package script '/home/azem/azemauto/ros2_ws/install/my_robot_rviz/share/my_robot_rviz/package.bash'
[0.662s] INFO:colcon.colcon_core.shell:Creating package script '/home/azem/azemauto/ros2_ws/install/my_robot_rviz/share/my_robot_rviz/package.zsh'
[0.663s] Level 1:colcon.colcon_core.environment:create_file_with_runtime_dependencies(/home/azem/azemauto/ros2_ws/install/my_robot_rviz/share/colcon-core/packages/my_robot_rviz)
[0.663s] Level 1:colcon.colcon_core.environment:create_environment_scripts_only(my_robot_rviz)
[0.663s] Level 1:colcon.colcon_core.environment:checking '/home/azem/azemauto/ros2_ws/install/my_robot_rviz' for CMake module files
[0.664s] Level 1:colcon.colcon_core.environment:checking '/home/azem/azemauto/ros2_ws/install/my_robot_rviz' for CMake config files
[0.664s] Level 1:colcon.colcon_core.shell:create_environment_hook('my_robot_rviz', 'cmake_prefix_path')
[0.664s] INFO:colcon.colcon_core.shell:Creating environment hook '/home/azem/azemauto/ros2_ws/install/my_robot_rviz/share/my_robot_rviz/hook/cmake_prefix_path.ps1'
[0.664s] INFO:colcon.colcon_core.shell:Creating environment descriptor '/home/azem/azemauto/ros2_ws/install/my_robot_rviz/share/my_robot_rviz/hook/cmake_prefix_path.dsv'
[0.665s] INFO:colcon.colcon_core.shell:Creating environment hook '/home/azem/azemauto/ros2_ws/install/my_robot_rviz/share/my_robot_rviz/hook/cmake_prefix_path.sh'
[0.665s] Level 1:colcon.colcon_core.environment:checking '/home/azem/azemauto/ros2_ws/install/my_robot_rviz/bin'
[0.665s] Level 1:colcon.colcon_core.environment:checking '/home/azem/azemauto/ros2_ws/install/my_robot_rviz/lib/pkgconfig/my_robot_rviz.pc'
[0.665s] Level 1:colcon.colcon_core.environment:checking '/home/azem/azemauto/ros2_ws/install/my_robot_rviz/lib/python3.10/site-packages'
[0.666s] Level 1:colcon.colcon_core.environment:checking '/home/azem/azemauto/ros2_ws/install/my_robot_rviz/bin'
[0.666s] INFO:colcon.colcon_core.shell:Creating package script '/home/azem/azemauto/ros2_ws/install/my_robot_rviz/share/my_robot_rviz/package.ps1'
[0.667s] INFO:colcon.colcon_core.shell:Creating package descriptor '/home/azem/azemauto/ros2_ws/install/my_robot_rviz/share/my_robot_rviz/package.dsv'
[0.667s] INFO:colcon.colcon_core.shell:Creating package script '/home/azem/azemauto/ros2_ws/install/my_robot_rviz/share/my_robot_rviz/package.sh'
[0.667s] INFO:colcon.colcon_core.shell:Creating package script '/home/azem/azemauto/ros2_ws/install/my_robot_rviz/share/my_robot_rviz/package.bash'
[0.668s] INFO:colcon.colcon_core.shell:Creating package script '/home/azem/azemauto/ros2_ws/install/my_robot_rviz/share/my_robot_rviz/package.zsh'
[0.668s] Level 1:colcon.colcon_core.environment:create_file_with_runtime_dependencies(/home/azem/azemauto/ros2_ws/install/my_robot_rviz/share/colcon-core/packages/my_robot_rviz)
[0.897s] DEBUG:colcon.colcon_core.event_handler.log_command:Invoking command in '/home/azem/azemauto/ros2_ws/build/my_robot_bridge': PYTHONPATH=/home/azem/azemauto/ros2_ws/build/my_robot_bridge/prefix_override:/usr/lib/python3/dist-packages/colcon_core/task/python/colcon_distutils_commands:/home/azem/azemauto/ros2_ws/install/my_robot_bridge/lib/python3.10/site-packages:${PYTHONPATH} /usr/bin/python3 -W ignore:setup.py install is deprecated -W ignore:easy_install command is deprecated setup.py develop --editable --build-directory /home/azem/azemauto/ros2_ws/build/my_robot_bridge/build --no-deps symlink_data
[1.285s] Level 1:colcon.colcon_core.shell:create_environment_hook('my_robot_bridge', 'pythonpath_develop')
[1.285s] INFO:colcon.colcon_core.shell:Creating environment hook '/home/azem/azemauto/ros2_ws/build/my_robot_bridge/share/my_robot_bridge/hook/pythonpath_develop.ps1'
[1.286s] DEBUG:colcon.colcon_core.event_handler.log_command:Invoked command in '/home/azem/azemauto/ros2_ws/build/my_robot_bridge' returned '0': PYTHONPATH=/home/azem/azemauto/ros2_ws/build/my_robot_bridge/prefix_override:/usr/lib/python3/dist-packages/colcon_core/task/python/colcon_distutils_commands:/home/azem/azemauto/ros2_ws/install/my_robot_bridge/lib/python3.10/site-packages:${PYTHONPATH} /usr/bin/python3 -W ignore:setup.py install is deprecated -W ignore:easy_install command is deprecated setup.py develop --editable --build-directory /home/azem/azemauto/ros2_ws/build/my_robot_bridge/build --no-deps symlink_data
[1.286s] INFO:colcon.colcon_core.shell:Creating environment descriptor '/home/azem/azemauto/ros2_ws/build/my_robot_bridge/share/my_robot_bridge/hook/pythonpath_develop.dsv'
[1.286s] INFO:colcon.colcon_core.shell:Creating environment hook '/home/azem/azemauto/ros2_ws/build/my_robot_bridge/share/my_robot_bridge/hook/pythonpath_develop.sh'
[1.287s] Level 1:colcon.colcon_core.environment:checking '/home/azem/azemauto/ros2_ws/install/my_robot_bridge' for CMake module files
[1.287s] Level 1:colcon.colcon_core.environment:checking '/home/azem/azemauto/ros2_ws/install/my_robot_bridge' for CMake config files
[1.289s] Level 1:colcon.colcon_core.environment:checking '/home/azem/azemauto/ros2_ws/install/my_robot_bridge/lib'
[1.289s] Level 1:colcon.colcon_core.environment:checking '/home/azem/azemauto/ros2_ws/install/my_robot_bridge/bin'
[1.289s] Level 1:colcon.colcon_core.environment:checking '/home/azem/azemauto/ros2_ws/install/my_robot_bridge/lib/pkgconfig/my_robot_bridge.pc'
[1.289s] Level 1:colcon.colcon_core.environment:checking '/home/azem/azemauto/ros2_ws/install/my_robot_bridge/lib/python3.10/site-packages'
[1.289s] Level 1:colcon.colcon_core.shell:create_environment_hook('my_robot_bridge', 'pythonpath')
[1.289s] INFO:colcon.colcon_core.shell:Creating environment hook '/home/azem/azemauto/ros2_ws/install/my_robot_bridge/share/my_robot_bridge/hook/pythonpath.ps1'
[1.290s] INFO:colcon.colcon_core.shell:Creating environment descriptor '/home/azem/azemauto/ros2_ws/install/my_robot_bridge/share/my_robot_bridge/hook/pythonpath.dsv'
[1.290s] INFO:colcon.colcon_core.shell:Creating environment hook '/home/azem/azemauto/ros2_ws/install/my_robot_bridge/share/my_robot_bridge/hook/pythonpath.sh'
[1.290s] Level 1:colcon.colcon_core.environment:checking '/home/azem/azemauto/ros2_ws/install/my_robot_bridge/bin'
[1.290s] Level 1:colcon.colcon_core.environment:create_environment_scripts_only(my_robot_bridge)
[1.291s] INFO:colcon.colcon_core.shell:Creating package script '/home/azem/azemauto/ros2_ws/install/my_robot_bridge/share/my_robot_bridge/package.ps1'
[1.291s] INFO:colcon.colcon_core.shell:Creating package descriptor '/home/azem/azemauto/ros2_ws/install/my_robot_bridge/share/my_robot_bridge/package.dsv'
[1.291s] INFO:colcon.colcon_core.shell:Creating package script '/home/azem/azemauto/ros2_ws/install/my_robot_bridge/share/my_robot_bridge/package.sh'
[1.292s] INFO:colcon.colcon_core.shell:Creating package script '/home/azem/azemauto/ros2_ws/install/my_robot_bridge/share/my_robot_bridge/package.bash'
[1.292s] INFO:colcon.colcon_core.shell:Creating package script '/home/azem/azemauto/ros2_ws/install/my_robot_bridge/share/my_robot_bridge/package.zsh'
[1.292s] Level 1:colcon.colcon_core.environment:create_file_with_runtime_dependencies(/home/azem/azemauto/ros2_ws/install/my_robot_bridge/share/colcon-core/packages/my_robot_bridge)
[1.293s] INFO:colcon.colcon_ros.task.ament_python.build:Building ROS package in '/home/azem/azemauto/ros2_ws/src/my_robot_bringup' with build type 'ament_python'
[1.293s] Level 1:colcon.colcon_core.shell:create_environment_hook('my_robot_bringup', 'ament_prefix_path')
[1.293s] INFO:colcon.colcon_core.shell:Creating environment hook '/home/azem/azemauto/ros2_ws/install/my_robot_bringup/share/my_robot_bringup/hook/ament_prefix_path.ps1'
[1.293s] INFO:colcon.colcon_core.shell:Creating environment descriptor '/home/azem/azemauto/ros2_ws/install/my_robot_bringup/share/my_robot_bringup/hook/ament_prefix_path.dsv'
[1.294s] INFO:colcon.colcon_core.shell:Creating environment hook '/home/azem/azemauto/ros2_ws/install/my_robot_bringup/share/my_robot_bringup/hook/ament_prefix_path.sh'
[1.294s] INFO:colcon.colcon_core.shell:Skip shell extension 'powershell' for command environment: Not usable outside of PowerShell
[1.294s] DEBUG:colcon.colcon_core.shell:Skip shell extension 'dsv' for command environment
[1.503s] INFO:colcon.colcon_core.task.python.build:Building Python package in '/home/azem/azemauto/ros2_ws/src/my_robot_bringup'
[1.503s] INFO:colcon.colcon_core.shell:Skip shell extension 'powershell' for command environment: Not usable outside of PowerShell
[1.503s] DEBUG:colcon.colcon_core.shell:Skip shell extension 'dsv' for command environment
[61.336s] DEBUG:colcon.colcon_core.event_handler.log_command:Invoking command in '/home/azem/azemauto/ros2_ws/build/my_robot_bringup': AMENT_PREFIX_PATH=/home/azem/azemauto/ros2_ws/install/my_robot_rviz:/home/azem/azemauto/ros2_ws/install/my_robot_description:/home/azem/azemauto/ros2_ws/install/my_robot_bridge:${AMENT_PREFIX_PATH} CMAKE_PREFIX_PATH=/home/azem/azemauto/ros2_ws/install/my_robot_rviz:/home/azem/azemauto/ros2_ws/install/my_robot_description PYTHONPATH=/home/azem/azemauto/ros2_ws/build/my_robot_bringup/prefix_override:/usr/lib/python3/dist-packages/colcon_core/task/python/colcon_distutils_commands:/home/azem/azemauto/ros2_ws/install/my_robot_bringup/lib/python3.10/site-packages:/home/azem/azemauto/ros2_ws/build/my_robot_bridge:/home/azem/azemauto/ros2_ws/install/my_robot_bridge/lib/python3.10/site-packages:${PYTHONPATH} /usr/bin/python3 -W ignore:setup.py install is deprecated -W ignore:easy_install command is deprecated setup.py develop --editable --build-directory /home/azem/azemauto/ros2_ws/build/my_robot_bringup/build --no-deps symlink_data
[61.710s] Level 1:colcon.colcon_core.shell:create_environment_hook('my_robot_bringup', 'pythonpath_develop')
[61.710s] INFO:colcon.colcon_core.shell:Creating environment hook '/home/azem/azemauto/ros2_ws/build/my_robot_bringup/share/my_robot_bringup/hook/pythonpath_develop.ps1'
[61.711s] DEBUG:colcon.colcon_core.event_handler.log_command:Invoked command in '/home/azem/azemauto/ros2_ws/build/my_robot_bringup' returned '0': AMENT_PREFIX_PATH=/home/azem/azemauto/ros2_ws/install/my_robot_rviz:/home/azem/azemauto/ros2_ws/install/my_robot_description:/home/azem/azemauto/ros2_ws/install/my_robot_bridge:${AMENT_PREFIX_PATH} CMAKE_PREFIX_PATH=/home/azem/azemauto/ros2_ws/install/my_robot_rviz:/home/azem/azemauto/ros2_ws/install/my_robot_description PYTHONPATH=/home/azem/azemauto/ros2_ws/build/my_robot_bringup/prefix_override:/usr/lib/python3/dist-packages/colcon_core/task/python/colcon_distutils_commands:/home/azem/azemauto/ros2_ws/install/my_robot_bringup/lib/python3.10/site-packages:/home/azem/azemauto/ros2_ws/build/my_robot_bridge:/home/azem/azemauto/ros2_ws/install/my_robot_bridge/lib/python3.10/site-packages:${PYTHONPATH} /usr/bin/python3 -W ignore:setup.py install is deprecated -W ignore:easy_install command is deprecated setup.py develop --editable --build-directory /home/azem/azemauto/ros2_ws/build/my_robot_bringup/build --no-deps symlink_data
[61.711s] INFO:colcon.colcon_core.shell:Creating environment descriptor '/home/azem/azemauto/ros2_ws/build/my_robot_bringup/share/my_robot_bringup/hook/pythonpath_develop.dsv'
[61.712s] INFO:colcon.colcon_core.shell:Creating environment hook '/home/azem/azemauto/ros2_ws/build/my_robot_bringup/share/my_robot_bringup/hook/pythonpath_develop.sh'
[61.712s] Level 1:colcon.colcon_core.environment:checking '/home/azem/azemauto/ros2_ws/install/my_robot_bringup' for CMake module files
[61.712s] Level 1:colcon.colcon_core.environment:checking '/home/azem/azemauto/ros2_ws/install/my_robot_bringup' for CMake config files
[61.713s] Level 1:colcon.colcon_core.environment:checking '/home/azem/azemauto/ros2_ws/install/my_robot_bringup/lib'
[61.713s] Level 1:colcon.colcon_core.environment:checking '/home/azem/azemauto/ros2_ws/install/my_robot_bringup/bin'
[61.713s] Level 1:colcon.colcon_core.environment:checking '/home/azem/azemauto/ros2_ws/install/my_robot_bringup/lib/pkgconfig/my_robot_bringup.pc'
[61.713s] Level 1:colcon.colcon_core.environment:checking '/home/azem/azemauto/ros2_ws/install/my_robot_bringup/lib/python3.10/site-packages'
[61.713s] Level 1:colcon.colcon_core.shell:create_environment_hook('my_robot_bringup', 'pythonpath')
[61.714s] INFO:colcon.colcon_core.shell:Creating environment hook '/home/azem/azemauto/ros2_ws/install/my_robot_bringup/share/my_robot_bringup/hook/pythonpath.ps1'
[61.714s] INFO:colcon.colcon_core.shell:Creating environment descriptor '/home/azem/azemauto/ros2_ws/install/my_robot_bringup/share/my_robot_bringup/hook/pythonpath.dsv'
[61.714s] INFO:colcon.colcon_core.shell:Creating environment hook '/home/azem/azemauto/ros2_ws/install/my_robot_bringup/share/my_robot_bringup/hook/pythonpath.sh'
[61.715s] Level 1:colcon.colcon_core.environment:checking '/home/azem/azemauto/ros2_ws/install/my_robot_bringup/bin'
[61.715s] Level 1:colcon.colcon_core.environment:create_environment_scripts_only(my_robot_bringup)
[61.715s] INFO:colcon.colcon_core.shell:Creating package script '/home/azem/azemauto/ros2_ws/install/my_robot_bringup/share/my_robot_bringup/package.ps1'
[61.715s] INFO:colcon.colcon_core.shell:Creating package descriptor '/home/azem/azemauto/ros2_ws/install/my_robot_bringup/share/my_robot_bringup/package.dsv'
[61.716s] INFO:colcon.colcon_core.shell:Creating package script '/home/azem/azemauto/ros2_ws/install/my_robot_bringup/share/my_robot_bringup/package.sh'
[61.716s] INFO:colcon.colcon_core.shell:Creating package script '/home/azem/azemauto/ros2_ws/install/my_robot_bringup/share/my_robot_bringup/package.bash'
[61.716s] INFO:colcon.colcon_core.shell:Creating package script '/home/azem/azemauto/ros2_ws/install/my_robot_bringup/share/my_robot_bringup/package.zsh'
[61.717s] Level 1:colcon.colcon_core.environment:create_file_with_runtime_dependencies(/home/azem/azemauto/ros2_ws/install/my_robot_bringup/share/colcon-core/packages/my_robot_bringup)
[61.717s] DEBUG:colcon.colcon_parallel_executor.executor.parallel:closing loop
[61.717s] DEBUG:colcon.colcon_parallel_executor.executor.parallel:loop closed
[61.717s] DEBUG:colcon.colcon_parallel_executor.executor.parallel:run_until_complete finished with '0'
[61.717s] DEBUG:colcon.colcon_core.event_reactor:joining thread
[61.721s] INFO:colcon.colcon_core.plugin_system:Skipping extension 'colcon_notification.desktop_notification.terminal_notifier': Not used on non-Darwin systems
[61.721s] INFO:colcon.colcon_core.plugin_system:Skipping extension 'colcon_notification.desktop_notification.win32': Not used on non-Windows systems
[61.721s] INFO:colcon.colcon_notification.desktop_notification:Sending desktop notification using 'notify2'
[61.722s] DEBUG:colcon.colcon_notification.desktop_notification.notify2:Failed to initialize notify2: org.freedesktop.DBus.Error.AccessDenied: Failed to connect to socket /run/user/1000/bus: Operation not permitted
[61.722s] DEBUG:colcon.colcon_core.event_reactor:joined thread
[61.722s] INFO:colcon.colcon_core.shell:Creating prefix script '/home/azem/azemauto/ros2_ws/install/local_setup.ps1'
[61.723s] INFO:colcon.colcon_core.shell:Creating prefix util module '/home/azem/azemauto/ros2_ws/install/_local_setup_util_ps1.py'
[61.724s] INFO:colcon.colcon_core.shell:Creating prefix chain script '/home/azem/azemauto/ros2_ws/install/setup.ps1'
[61.725s] INFO:colcon.colcon_core.shell:Creating prefix script '/home/azem/azemauto/ros2_ws/install/local_setup.sh'
[61.725s] INFO:colcon.colcon_core.shell:Creating prefix util module '/home/azem/azemauto/ros2_ws/install/_local_setup_util_sh.py'
[61.725s] INFO:colcon.colcon_core.shell:Creating prefix chain script '/home/azem/azemauto/ros2_ws/install/setup.sh'
[61.726s] INFO:colcon.colcon_core.shell:Creating prefix script '/home/azem/azemauto/ros2_ws/install/local_setup.bash'
[61.727s] INFO:colcon.colcon_core.shell:Creating prefix chain script '/home/azem/azemauto/ros2_ws/install/setup.bash'
[61.727s] INFO:colcon.colcon_core.shell:Creating prefix script '/home/azem/azemauto/ros2_ws/install/local_setup.zsh'
[61.728s] INFO:colcon.colcon_core.shell:Creating prefix chain script '/home/azem/azemauto/ros2_ws/install/setup.zsh'
