[0.137s] DEBUG:colcon:Command line arguments: ['/usr/bin/colcon', 'build', '--symlink-install']
[0.137s] DEBUG:colcon:Parsed command line arguments: Namespace(log_base=None, log_level=None, verb_name='build', build_base='build', install_base='install', merge_install=False, symlink_install=True, test_result_base=None, continue_on_error=False, executor='parallel', parallel_workers=12, event_handlers=None, ignore_user_meta=False, metas=['./colcon.meta'], base_paths=['.'], packages_ignore=None, packages_ignore_regex=None, paths=None, packages_up_to=None, packages_up_to_regex=None, packages_above=None, packages_above_and_dependencies=None, packages_above_depth=None, packages_select_by_dep=None, packages_skip_by_dep=None, packages_skip_up_to=None, packages_select_build_failed=False, packages_skip_build_finished=False, packages_select_test_failures=False, packages_skip_test_passed=False, packages_select=None, packages_skip=None, packages_select_regex=None, packages_skip_regex=None, packages_start=None, packages_end=None, allow_overriding=[], cmake_args=None, cmake_target=None, cmake_target_skip_unavailable=False, cmake_clean_cache=False, cmake_clean_first=False, cmake_force_configure=False, ament_cmake_args=None, catkin_cmake_args=None, catkin_skip_building_tests=False, verb_parser=<colcon_defaults.argument_parser.defaults.DefaultArgumentsDecorator object at 0x7761dd068730>, verb_extension=<colcon_core.verb.build.BuildVerb object at 0x7761dd068130>, main=<bound method BuildVerb.main of <colcon_core.verb.build.BuildVerb object at 0x7761dd068130>>)
[0.384s] Level 1:colcon.colcon_core.package_discovery:discover_packages(colcon_meta) check parameters
[0.384s] Level 1:colcon.colcon_core.package_discovery:discover_packages(recursive) check parameters
[0.384s] Level 1:colcon.colcon_core.package_discovery:discover_packages(ignore) check parameters
[0.384s] Level 1:colcon.colcon_core.package_discovery:discover_packages(path) check parameters
[0.384s] Level 1:colcon.colcon_core.package_discovery:discover_packages(colcon_meta) discover
[0.384s] Level 1:colcon.colcon_core.package_discovery:discover_packages(recursive) discover
[0.384s] INFO:colcon.colcon_core.package_discovery:Crawling recursively for packages in '/home/azem/azemauto/ros2_ws'
[0.384s] Level 1:colcon.colcon_core.package_identification:_identify(.) by extensions ['ignore', 'ignore_ament_install']
[0.385s] Level 1:colcon.colcon_core.package_identification:_identify(.) by extension 'ignore'
[0.385s] Level 1:colcon.colcon_core.package_identification:_identify(.) by extension 'ignore_ament_install'
[0.385s] Level 1:colcon.colcon_core.package_identification:_identify(.) by extensions ['colcon_pkg']
[0.385s] Level 1:colcon.colcon_core.package_identification:_identify(.) by extension 'colcon_pkg'
[0.385s] Level 1:colcon.colcon_core.package_identification:_identify(.) by extensions ['colcon_meta']
[0.385s] Level 1:colcon.colcon_core.package_identification:_identify(.) by extension 'colcon_meta'
[0.385s] Level 1:colcon.colcon_core.package_identification:_identify(.) by extensions ['ros']
[0.385s] Level 1:colcon.colcon_core.package_identification:_identify(.) by extension 'ros'
[0.397s] Level 1:colcon.colcon_core.package_identification:_identify(.) by extensions ['cmake', 'python']
[0.397s] Level 1:colcon.colcon_core.package_identification:_identify(.) by extension 'cmake'
[0.397s] Level 1:colcon.colcon_core.package_identification:_identify(.) by extension 'python'
[0.397s] Level 1:colcon.colcon_core.package_identification:_identify(.) by extensions ['python_setup_py']
[0.397s] Level 1:colcon.colcon_core.package_identification:_identify(.) by extension 'python_setup_py'
[0.398s] Level 1:colcon.colcon_core.package_identification:_identify(build) by extensions ['ignore', 'ignore_ament_install']
[0.398s] Level 1:colcon.colcon_core.package_identification:_identify(build) by extension 'ignore'
[0.398s] Level 1:colcon.colcon_core.package_identification:_identify(build) ignored
[0.398s] Level 1:colcon.colcon_core.package_identification:_identify(install) by extensions ['ignore', 'ignore_ament_install']
[0.398s] Level 1:colcon.colcon_core.package_identification:_identify(install) by extension 'ignore'
[0.398s] Level 1:colcon.colcon_core.package_identification:_identify(install) ignored
[0.398s] Level 1:colcon.colcon_core.package_identification:_identify(log) by extensions ['ignore', 'ignore_ament_install']
[0.398s] Level 1:colcon.colcon_core.package_identification:_identify(log) by extension 'ignore'
[0.398s] Level 1:colcon.colcon_core.package_identification:_identify(log) ignored
[0.398s] Level 1:colcon.colcon_core.package_identification:_identify(src) by extensions ['ignore', 'ignore_ament_install']
[0.398s] Level 1:colcon.colcon_core.package_identification:_identify(src) by extension 'ignore'
[0.398s] Level 1:colcon.colcon_core.package_identification:_identify(src) by extension 'ignore_ament_install'
[0.398s] Level 1:colcon.colcon_core.package_identification:_identify(src) by extensions ['colcon_pkg']
[0.398s] Level 1:colcon.colcon_core.package_identification:_identify(src) by extension 'colcon_pkg'
[0.399s] Level 1:colcon.colcon_core.package_identification:_identify(src) by extensions ['colcon_meta']
[0.399s] Level 1:colcon.colcon_core.package_identification:_identify(src) by extension 'colcon_meta'
[0.399s] Level 1:colcon.colcon_core.package_identification:_identify(src) by extensions ['ros']
[0.399s] Level 1:colcon.colcon_core.package_identification:_identify(src) by extension 'ros'
[0.399s] Level 1:colcon.colcon_core.package_identification:_identify(src) by extensions ['cmake', 'python']
[0.399s] Level 1:colcon.colcon_core.package_identification:_identify(src) by extension 'cmake'
[0.399s] Level 1:colcon.colcon_core.package_identification:_identify(src) by extension 'python'
[0.399s] Level 1:colcon.colcon_core.package_identification:_identify(src) by extensions ['python_setup_py']
[0.399s] Level 1:colcon.colcon_core.package_identification:_identify(src) by extension 'python_setup_py'
[0.399s] Level 1:colcon.colcon_core.package_identification:_identify(src/my_robot_bridge) by extensions ['ignore', 'ignore_ament_install']
[0.399s] Level 1:colcon.colcon_core.package_identification:_identify(src/my_robot_bridge) by extension 'ignore'
[0.399s] Level 1:colcon.colcon_core.package_identification:_identify(src/my_robot_bridge) by extension 'ignore_ament_install'
[0.399s] Level 1:colcon.colcon_core.package_identification:_identify(src/my_robot_bridge) by extensions ['colcon_pkg']
[0.399s] Level 1:colcon.colcon_core.package_identification:_identify(src/my_robot_bridge) by extension 'colcon_pkg'
[0.399s] Level 1:colcon.colcon_core.package_identification:_identify(src/my_robot_bridge) by extensions ['colcon_meta']
[0.399s] Level 1:colcon.colcon_core.package_identification:_identify(src/my_robot_bridge) by extension 'colcon_meta'
[0.399s] Level 1:colcon.colcon_core.package_identification:_identify(src/my_robot_bridge) by extensions ['ros']
[0.399s] Level 1:colcon.colcon_core.package_identification:_identify(src/my_robot_bridge) by extension 'ros'
[0.403s] DEBUG:colcon.colcon_core.package_identification:Package 'src/my_robot_bridge' with type 'ros.ament_python' and name 'my_robot_bridge'
[0.403s] Level 1:colcon.colcon_core.package_identification:_identify(src/my_robot_bringup) by extensions ['ignore', 'ignore_ament_install']
[0.403s] Level 1:colcon.colcon_core.package_identification:_identify(src/my_robot_bringup) by extension 'ignore'
[0.403s] Level 1:colcon.colcon_core.package_identification:_identify(src/my_robot_bringup) by extension 'ignore_ament_install'
[0.403s] Level 1:colcon.colcon_core.package_identification:_identify(src/my_robot_bringup) by extensions ['colcon_pkg']
[0.403s] Level 1:colcon.colcon_core.package_identification:_identify(src/my_robot_bringup) by extension 'colcon_pkg'
[0.403s] Level 1:colcon.colcon_core.package_identification:_identify(src/my_robot_bringup) by extensions ['colcon_meta']
[0.403s] Level 1:colcon.colcon_core.package_identification:_identify(src/my_robot_bringup) by extension 'colcon_meta'
[0.404s] Level 1:colcon.colcon_core.package_identification:_identify(src/my_robot_bringup) by extensions ['ros']
[0.404s] Level 1:colcon.colcon_core.package_identification:_identify(src/my_robot_bringup) by extension 'ros'
[0.404s] DEBUG:colcon.colcon_core.package_identification:Package 'src/my_robot_bringup' with type 'ros.ament_python' and name 'my_robot_bringup'
[0.404s] Level 1:colcon.colcon_core.package_identification:_identify(src/my_robot_description) by extensions ['ignore', 'ignore_ament_install']
[0.404s] Level 1:colcon.colcon_core.package_identification:_identify(src/my_robot_description) by extension 'ignore'
[0.404s] Level 1:colcon.colcon_core.package_identification:_identify(src/my_robot_description) by extension 'ignore_ament_install'
[0.404s] Level 1:colcon.colcon_core.package_identification:_identify(src/my_robot_description) by extensions ['colcon_pkg']
[0.404s] Level 1:colcon.colcon_core.package_identification:_identify(src/my_robot_description) by extension 'colcon_pkg'
[0.405s] Level 1:colcon.colcon_core.package_identification:_identify(src/my_robot_description) by extensions ['colcon_meta']
[0.405s] Level 1:colcon.colcon_core.package_identification:_identify(src/my_robot_description) by extension 'colcon_meta'
[0.405s] Level 1:colcon.colcon_core.package_identification:_identify(src/my_robot_description) by extensions ['ros']
[0.405s] Level 1:colcon.colcon_core.package_identification:_identify(src/my_robot_description) by extension 'ros'
[0.405s] DEBUG:colcon.colcon_core.package_identification:Package 'src/my_robot_description' with type 'ros.ament_cmake' and name 'my_robot_description'
[0.405s] Level 1:colcon.colcon_core.package_identification:_identify(src/my_robot_rviz) by extensions ['ignore', 'ignore_ament_install']
[0.405s] Level 1:colcon.colcon_core.package_identification:_identify(src/my_robot_rviz) by extension 'ignore'
[0.405s] Level 1:colcon.colcon_core.package_identification:_identify(src/my_robot_rviz) by extension 'ignore_ament_install'
[0.405s] Level 1:colcon.colcon_core.package_identification:_identify(src/my_robot_rviz) by extensions ['colcon_pkg']
[0.405s] Level 1:colcon.colcon_core.package_identification:_identify(src/my_robot_rviz) by extension 'colcon_pkg'
[0.406s] Level 1:colcon.colcon_core.package_identification:_identify(src/my_robot_rviz) by extensions ['colcon_meta']
[0.406s] Level 1:colcon.colcon_core.package_identification:_identify(src/my_robot_rviz) by extension 'colcon_meta'
[0.406s] Level 1:colcon.colcon_core.package_identification:_identify(src/my_robot_rviz) by extensions ['ros']
[0.406s] Level 1:colcon.colcon_core.package_identification:_identify(src/my_robot_rviz) by extension 'ros'
[0.406s] DEBUG:colcon.colcon_core.package_identification:Package 'src/my_robot_rviz' with type 'ros.ament_cmake' and name 'my_robot_rviz'
[0.406s] Level 1:colcon.colcon_core.package_discovery:discover_packages(recursive) using defaults
[0.406s] Level 1:colcon.colcon_core.package_discovery:discover_packages(ignore) discover
[0.406s] Level 1:colcon.colcon_core.package_discovery:discover_packages(ignore) using defaults
[0.406s] Level 1:colcon.colcon_core.package_discovery:discover_packages(path) discover
[0.406s] Level 1:colcon.colcon_core.package_discovery:discover_packages(path) using defaults
[0.455s] Level 1:colcon.colcon_core.package_discovery:discover_packages(prefix_path) check parameters
[0.455s] Level 1:colcon.colcon_core.package_discovery:discover_packages(prefix_path) discover
[0.458s] DEBUG:colcon.colcon_installed_package_information.package_discovery:Found 371 installed packages in /opt/ros/humble
[0.460s] Level 1:colcon.colcon_core.package_discovery:discover_packages(prefix_path) using defaults
[0.503s] Level 5:colcon.colcon_core.verb:set package 'my_robot_bridge' build argument 'cmake_args' from command line to 'None'
[0.503s] Level 5:colcon.colcon_core.verb:set package 'my_robot_bridge' build argument 'cmake_target' from command line to 'None'
[0.503s] Level 5:colcon.colcon_core.verb:set package 'my_robot_bridge' build argument 'cmake_target_skip_unavailable' from command line to 'False'
[0.503s] Level 5:colcon.colcon_core.verb:set package 'my_robot_bridge' build argument 'cmake_clean_cache' from command line to 'False'
[0.503s] Level 5:colcon.colcon_core.verb:set package 'my_robot_bridge' build argument 'cmake_clean_first' from command line to 'False'
[0.503s] Level 5:colcon.colcon_core.verb:set package 'my_robot_bridge' build argument 'cmake_force_configure' from command line to 'False'
[0.503s] Level 5:colcon.colcon_core.verb:set package 'my_robot_bridge' build argument 'ament_cmake_args' from command line to 'None'
[0.503s] Level 5:colcon.colcon_core.verb:set package 'my_robot_bridge' build argument 'catkin_cmake_args' from command line to 'None'
[0.503s] Level 5:colcon.colcon_core.verb:set package 'my_robot_bridge' build argument 'catkin_skip_building_tests' from command line to 'False'
[0.503s] DEBUG:colcon.colcon_core.verb:Building package 'my_robot_bridge' with the following arguments: {'ament_cmake_args': None, 'build_base': '/home/azem/azemauto/ros2_ws/build/my_robot_bridge', 'catkin_cmake_args': None, 'catkin_skip_building_tests': False, 'cmake_args': None, 'cmake_clean_cache': False, 'cmake_clean_first': False, 'cmake_force_configure': False, 'cmake_target': None, 'cmake_target_skip_unavailable': False, 'install_base': '/home/azem/azemauto/ros2_ws/install/my_robot_bridge', 'merge_install': False, 'path': '/home/azem/azemauto/ros2_ws/src/my_robot_bridge', 'symlink_install': True, 'test_result_base': None}
[0.504s] Level 5:colcon.colcon_core.verb:set package 'my_robot_description' build argument 'cmake_args' from command line to 'None'
[0.504s] Level 5:colcon.colcon_core.verb:set package 'my_robot_description' build argument 'cmake_target' from command line to 'None'
[0.504s] Level 5:colcon.colcon_core.verb:set package 'my_robot_description' build argument 'cmake_target_skip_unavailable' from command line to 'False'
[0.504s] Level 5:colcon.colcon_core.verb:set package 'my_robot_description' build argument 'cmake_clean_cache' from command line to 'False'
[0.504s] Level 5:colcon.colcon_core.verb:set package 'my_robot_description' build argument 'cmake_clean_first' from command line to 'False'
[0.504s] Level 5:colcon.colcon_core.verb:set package 'my_robot_description' build argument 'cmake_force_configure' from command line to 'False'
[0.504s] Level 5:colcon.colcon_core.verb:set package 'my_robot_description' build argument 'ament_cmake_args' from command line to 'None'
[0.504s] Level 5:colcon.colcon_core.verb:set package 'my_robot_description' build argument 'catkin_cmake_args' from command line to 'None'
[0.504s] Level 5:colcon.colcon_core.verb:set package 'my_robot_description' build argument 'catkin_skip_building_tests' from command line to 'False'
[0.504s] DEBUG:colcon.colcon_core.verb:Building package 'my_robot_description' with the following arguments: {'ament_cmake_args': None, 'build_base': '/home/azem/azemauto/ros2_ws/build/my_robot_description', 'catkin_cmake_args': None, 'catkin_skip_building_tests': False, 'cmake_args': None, 'cmake_clean_cache': False, 'cmake_clean_first': False, 'cmake_force_configure': False, 'cmake_target': None, 'cmake_target_skip_unavailable': False, 'install_base': '/home/azem/azemauto/ros2_ws/install/my_robot_description', 'merge_install': False, 'path': '/home/azem/azemauto/ros2_ws/src/my_robot_description', 'symlink_install': True, 'test_result_base': None}
[0.504s] Level 5:colcon.colcon_core.verb:set package 'my_robot_rviz' build argument 'cmake_args' from command line to 'None'
[0.504s] Level 5:colcon.colcon_core.verb:set package 'my_robot_rviz' build argument 'cmake_target' from command line to 'None'
[0.504s] Level 5:colcon.colcon_core.verb:set package 'my_robot_rviz' build argument 'cmake_target_skip_unavailable' from command line to 'False'
[0.504s] Level 5:colcon.colcon_core.verb:set package 'my_robot_rviz' build argument 'cmake_clean_cache' from command line to 'False'
[0.504s] Level 5:colcon.colcon_core.verb:set package 'my_robot_rviz' build argument 'cmake_clean_first' from command line to 'False'
[0.504s] Level 5:colcon.colcon_core.verb:set package 'my_robot_rviz' build argument 'cmake_force_configure' from command line to 'False'
[0.505s] Level 5:colcon.colcon_core.verb:set package 'my_robot_rviz' build argument 'ament_cmake_args' from command line to 'None'
[0.505s] Level 5:colcon.colcon_core.verb:set package 'my_robot_rviz' build argument 'catkin_cmake_args' from command line to 'None'
[0.505s] Level 5:colcon.colcon_core.verb:set package 'my_robot_rviz' build argument 'catkin_skip_building_tests' from command line to 'False'
[0.505s] DEBUG:colcon.colcon_core.verb:Building package 'my_robot_rviz' with the following arguments: {'ament_cmake_args': None, 'build_base': '/home/azem/azemauto/ros2_ws/build/my_robot_rviz', 'catkin_cmake_args': None, 'catkin_skip_building_tests': False, 'cmake_args': None, 'cmake_clean_cache': False, 'cmake_clean_first': False, 'cmake_force_configure': False, 'cmake_target': None, 'cmake_target_skip_unavailable': False, 'install_base': '/home/azem/azemauto/ros2_ws/install/my_robot_rviz', 'merge_install': False, 'path': '/home/azem/azemauto/ros2_ws/src/my_robot_rviz', 'symlink_install': True, 'test_result_base': None}
[0.505s] Level 5:colcon.colcon_core.verb:set package 'my_robot_bringup' build argument 'cmake_args' from command line to 'None'
[0.505s] Level 5:colcon.colcon_core.verb:set package 'my_robot_bringup' build argument 'cmake_target' from command line to 'None'
[0.505s] Level 5:colcon.colcon_core.verb:set package 'my_robot_bringup' build argument 'cmake_target_skip_unavailable' from command line to 'False'
[0.505s] Level 5:colcon.colcon_core.verb:set package 'my_robot_bringup' build argument 'cmake_clean_cache' from command line to 'False'
[0.505s] Level 5:colcon.colcon_core.verb:set package 'my_robot_bringup' build argument 'cmake_clean_first' from command line to 'False'
[0.505s] Level 5:colcon.colcon_core.verb:set package 'my_robot_bringup' build argument 'cmake_force_configure' from command line to 'False'
[0.505s] Level 5:colcon.colcon_core.verb:set package 'my_robot_bringup' build argument 'ament_cmake_args' from command line to 'None'
[0.505s] Level 5:colcon.colcon_core.verb:set package 'my_robot_bringup' build argument 'catkin_cmake_args' from command line to 'None'
[0.505s] Level 5:colcon.colcon_core.verb:set package 'my_robot_bringup' build argument 'catkin_skip_building_tests' from command line to 'False'
[0.505s] DEBUG:colcon.colcon_core.verb:Building package 'my_robot_bringup' with the following arguments: {'ament_cmake_args': None, 'build_base': '/home/azem/azemauto/ros2_ws/build/my_robot_bringup', 'catkin_cmake_args': None, 'catkin_skip_building_tests': False, 'cmake_args': None, 'cmake_clean_cache': False, 'cmake_clean_first': False, 'cmake_force_configure': False, 'cmake_target': None, 'cmake_target_skip_unavailable': False, 'install_base': '/home/azem/azemauto/ros2_ws/install/my_robot_bringup', 'merge_install': False, 'path': '/home/azem/azemauto/ros2_ws/src/my_robot_bringup', 'symlink_install': True, 'test_result_base': None}
[0.505s] INFO:colcon.colcon_core.executor:Executing jobs using 'parallel' executor
[0.506s] DEBUG:colcon.colcon_parallel_executor.executor.parallel:run_until_complete
[0.507s] INFO:colcon.colcon_ros.task.ament_python.build:Building ROS package in '/home/azem/azemauto/ros2_ws/src/my_robot_bridge' with build type 'ament_python'
[0.507s] Level 1:colcon.colcon_core.shell:create_environment_hook('my_robot_bridge', 'ament_prefix_path')
[0.510s] INFO:colcon.colcon_core.plugin_system:Skipping extension 'colcon_core.shell.bat': Not used on non-Windows systems
[0.511s] INFO:colcon.colcon_core.shell:Creating environment hook '/home/azem/azemauto/ros2_ws/install/my_robot_bridge/share/my_robot_bridge/hook/ament_prefix_path.ps1'
[0.511s] INFO:colcon.colcon_core.shell:Creating environment descriptor '/home/azem/azemauto/ros2_ws/install/my_robot_bridge/share/my_robot_bridge/hook/ament_prefix_path.dsv'
[0.512s] INFO:colcon.colcon_core.shell:Creating environment hook '/home/azem/azemauto/ros2_ws/install/my_robot_bridge/share/my_robot_bridge/hook/ament_prefix_path.sh'
[0.513s] INFO:colcon.colcon_core.shell:Skip shell extension 'powershell' for command environment: Not usable outside of PowerShell
[0.513s] DEBUG:colcon.colcon_core.shell:Skip shell extension 'dsv' for command environment
[0.516s] INFO:colcon.colcon_ros.task.ament_cmake.build:Building ROS package in '/home/azem/azemauto/ros2_ws/src/my_robot_description' with build type 'ament_cmake'
[0.516s] INFO:colcon.colcon_cmake.task.cmake.build:Building CMake package in '/home/azem/azemauto/ros2_ws/src/my_robot_description'
[0.516s] INFO:colcon.colcon_core.shell:Skip shell extension 'powershell' for command environment: Not usable outside of PowerShell
[0.516s] DEBUG:colcon.colcon_core.shell:Skip shell extension 'dsv' for command environment
[0.519s] INFO:colcon.colcon_ros.task.ament_cmake.build:Building ROS package in '/home/azem/azemauto/ros2_ws/src/my_robot_rviz' with build type 'ament_cmake'
[0.519s] INFO:colcon.colcon_cmake.task.cmake.build:Building CMake package in '/home/azem/azemauto/ros2_ws/src/my_robot_rviz'
[0.520s] INFO:colcon.colcon_core.shell:Skip shell extension 'powershell' for command environment: Not usable outside of PowerShell
[0.520s] DEBUG:colcon.colcon_core.shell:Skip shell extension 'dsv' for command environment
[0.811s] INFO:colcon.colcon_core.task.python.build:Building Python package in '/home/azem/azemauto/ros2_ws/src/my_robot_bridge'
[0.811s] INFO:colcon.colcon_core.shell:Skip shell extension 'powershell' for command environment: Not usable outside of PowerShell
[0.811s] DEBUG:colcon.colcon_core.shell:Skip shell extension 'dsv' for command environment
[0.817s] DEBUG:colcon.colcon_core.event_handler.log_command:Invoking command in '/home/azem/azemauto/ros2_ws/build/my_robot_description': CMAKE_PREFIX_PATH=/opt/ros/humble /usr/bin/cmake /home/azem/azemauto/ros2_ws/src/my_robot_description -DAMENT_CMAKE_SYMLINK_INSTALL=1 -DCMAKE_INSTALL_PREFIX=/home/azem/azemauto/ros2_ws/install/my_robot_description
[0.819s] DEBUG:colcon.colcon_core.event_handler.log_command:Invoking command in '/home/azem/azemauto/ros2_ws/build/my_robot_rviz': CMAKE_PREFIX_PATH=/opt/ros/humble /usr/bin/cmake /home/azem/azemauto/ros2_ws/src/my_robot_rviz -DAMENT_CMAKE_SYMLINK_INSTALL=1 -DCMAKE_INSTALL_PREFIX=/home/azem/azemauto/ros2_ws/install/my_robot_rviz
[1.357s] DEBUG:colcon.colcon_core.event_handler.log_command:Invoking command in '/home/azem/azemauto/ros2_ws/build/my_robot_bridge': PYTHONPATH=/home/azem/azemauto/ros2_ws/build/my_robot_bridge/prefix_override:/usr/lib/python3/dist-packages/colcon_core/task/python/colcon_distutils_commands:/home/azem/azemauto/ros2_ws/install/my_robot_bridge/lib/python3.10/site-packages:${PYTHONPATH} /usr/bin/python3 -W ignore:setup.py install is deprecated -W ignore:easy_install command is deprecated setup.py develop --editable --build-directory /home/azem/azemauto/ros2_ws/build/my_robot_bridge/build --no-deps symlink_data
[1.602s] DEBUG:colcon.colcon_core.event_handler.log_command:Invoked command in '/home/azem/azemauto/ros2_ws/build/my_robot_description' returned '0': CMAKE_PREFIX_PATH=/opt/ros/humble /usr/bin/cmake /home/azem/azemauto/ros2_ws/src/my_robot_description -DAMENT_CMAKE_SYMLINK_INSTALL=1 -DCMAKE_INSTALL_PREFIX=/home/azem/azemauto/ros2_ws/install/my_robot_description
[1.604s] DEBUG:colcon.colcon_core.event_handler.log_command:Invoking command in '/home/azem/azemauto/ros2_ws/build/my_robot_description': CMAKE_PREFIX_PATH=/opt/ros/humble /usr/bin/cmake --build /home/azem/azemauto/ros2_ws/build/my_robot_description -- -j12 -l12
[1.613s] DEBUG:colcon.colcon_core.event_handler.log_command:Invoked command in '/home/azem/azemauto/ros2_ws/build/my_robot_rviz' returned '0': CMAKE_PREFIX_PATH=/opt/ros/humble /usr/bin/cmake /home/azem/azemauto/ros2_ws/src/my_robot_rviz -DAMENT_CMAKE_SYMLINK_INSTALL=1 -DCMAKE_INSTALL_PREFIX=/home/azem/azemauto/ros2_ws/install/my_robot_rviz
[1.615s] DEBUG:colcon.colcon_core.event_handler.log_command:Invoking command in '/home/azem/azemauto/ros2_ws/build/my_robot_rviz': CMAKE_PREFIX_PATH=/opt/ros/humble /usr/bin/cmake --build /home/azem/azemauto/ros2_ws/build/my_robot_rviz -- -j12 -l12
[1.646s] DEBUG:colcon.colcon_core.event_handler.log_command:Invoked command in '/home/azem/azemauto/ros2_ws/build/my_robot_description' returned '0': CMAKE_PREFIX_PATH=/opt/ros/humble /usr/bin/cmake --build /home/azem/azemauto/ros2_ws/build/my_robot_description -- -j12 -l12
[1.658s] DEBUG:colcon.colcon_core.event_handler.log_command:Invoking command in '/home/azem/azemauto/ros2_ws/build/my_robot_description': CMAKE_PREFIX_PATH=/opt/ros/humble /usr/bin/cmake --install /home/azem/azemauto/ros2_ws/build/my_robot_description
[1.659s] DEBUG:colcon.colcon_core.event_handler.log_command:Invoked command in '/home/azem/azemauto/ros2_ws/build/my_robot_rviz' returned '0': CMAKE_PREFIX_PATH=/opt/ros/humble /usr/bin/cmake --build /home/azem/azemauto/ros2_ws/build/my_robot_rviz -- -j12 -l12
[1.660s] DEBUG:colcon.colcon_core.event_handler.log_command:Invoking command in '/home/azem/azemauto/ros2_ws/build/my_robot_rviz': CMAKE_PREFIX_PATH=/opt/ros/humble /usr/bin/cmake --install /home/azem/azemauto/ros2_ws/build/my_robot_rviz
[1.862s] Level 1:colcon.colcon_core.environment:create_environment_scripts_only(my_robot_rviz)
[1.863s] DEBUG:colcon.colcon_core.event_handler.log_command:Invoked command in '/home/azem/azemauto/ros2_ws/build/my_robot_rviz' returned '0': CMAKE_PREFIX_PATH=/opt/ros/humble /usr/bin/cmake --install /home/azem/azemauto/ros2_ws/build/my_robot_rviz
[1.870s] Level 1:colcon.colcon_core.environment:checking '/home/azem/azemauto/ros2_ws/install/my_robot_rviz' for CMake module files
[1.871s] Level 1:colcon.colcon_core.environment:checking '/home/azem/azemauto/ros2_ws/install/my_robot_rviz' for CMake config files
[1.872s] Level 1:colcon.colcon_core.shell:create_environment_hook('my_robot_rviz', 'cmake_prefix_path')
[1.872s] INFO:colcon.colcon_core.shell:Creating environment hook '/home/azem/azemauto/ros2_ws/install/my_robot_rviz/share/my_robot_rviz/hook/cmake_prefix_path.ps1'
[1.873s] INFO:colcon.colcon_core.shell:Creating environment descriptor '/home/azem/azemauto/ros2_ws/install/my_robot_rviz/share/my_robot_rviz/hook/cmake_prefix_path.dsv'
[1.873s] INFO:colcon.colcon_core.shell:Creating environment hook '/home/azem/azemauto/ros2_ws/install/my_robot_rviz/share/my_robot_rviz/hook/cmake_prefix_path.sh'
[1.874s] Level 1:colcon.colcon_core.environment:checking '/home/azem/azemauto/ros2_ws/install/my_robot_rviz/bin'
[1.875s] Level 1:colcon.colcon_core.environment:checking '/home/azem/azemauto/ros2_ws/install/my_robot_rviz/lib/pkgconfig/my_robot_rviz.pc'
[1.875s] Level 1:colcon.colcon_core.environment:checking '/home/azem/azemauto/ros2_ws/install/my_robot_rviz/lib/python3.10/site-packages'
[1.875s] Level 1:colcon.colcon_core.environment:checking '/home/azem/azemauto/ros2_ws/install/my_robot_rviz/bin'
[1.876s] INFO:colcon.colcon_core.shell:Creating package script '/home/azem/azemauto/ros2_ws/install/my_robot_rviz/share/my_robot_rviz/package.ps1'
[1.877s] INFO:colcon.colcon_core.shell:Creating package descriptor '/home/azem/azemauto/ros2_ws/install/my_robot_rviz/share/my_robot_rviz/package.dsv'
[1.878s] INFO:colcon.colcon_core.shell:Creating package script '/home/azem/azemauto/ros2_ws/install/my_robot_rviz/share/my_robot_rviz/package.sh'
[1.880s] INFO:colcon.colcon_core.shell:Creating package script '/home/azem/azemauto/ros2_ws/install/my_robot_rviz/share/my_robot_rviz/package.bash'
[1.881s] INFO:colcon.colcon_core.shell:Creating package script '/home/azem/azemauto/ros2_ws/install/my_robot_rviz/share/my_robot_rviz/package.zsh'
[1.882s] Level 1:colcon.colcon_core.environment:create_file_with_runtime_dependencies(/home/azem/azemauto/ros2_ws/install/my_robot_rviz/share/colcon-core/packages/my_robot_rviz)
[1.883s] Level 1:colcon.colcon_core.environment:create_environment_scripts_only(my_robot_rviz)
[1.884s] Level 1:colcon.colcon_core.environment:checking '/home/azem/azemauto/ros2_ws/install/my_robot_rviz' for CMake module files
[1.884s] Level 1:colcon.colcon_core.environment:checking '/home/azem/azemauto/ros2_ws/install/my_robot_rviz' for CMake config files
[1.885s] Level 1:colcon.colcon_core.shell:create_environment_hook('my_robot_rviz', 'cmake_prefix_path')
[1.885s] INFO:colcon.colcon_core.shell:Creating environment hook '/home/azem/azemauto/ros2_ws/install/my_robot_rviz/share/my_robot_rviz/hook/cmake_prefix_path.ps1'
[1.886s] INFO:colcon.colcon_core.shell:Creating environment descriptor '/home/azem/azemauto/ros2_ws/install/my_robot_rviz/share/my_robot_rviz/hook/cmake_prefix_path.dsv'
[1.886s] INFO:colcon.colcon_core.shell:Creating environment hook '/home/azem/azemauto/ros2_ws/install/my_robot_rviz/share/my_robot_rviz/hook/cmake_prefix_path.sh'
[1.887s] Level 1:colcon.colcon_core.environment:checking '/home/azem/azemauto/ros2_ws/install/my_robot_rviz/bin'
[1.887s] Level 1:colcon.colcon_core.environment:checking '/home/azem/azemauto/ros2_ws/install/my_robot_rviz/lib/pkgconfig/my_robot_rviz.pc'
[1.887s] Level 1:colcon.colcon_core.environment:checking '/home/azem/azemauto/ros2_ws/install/my_robot_rviz/lib/python3.10/site-packages'
[1.887s] Level 1:colcon.colcon_core.environment:checking '/home/azem/azemauto/ros2_ws/install/my_robot_rviz/bin'
[1.888s] INFO:colcon.colcon_core.shell:Creating package script '/home/azem/azemauto/ros2_ws/install/my_robot_rviz/share/my_robot_rviz/package.ps1'
[1.888s] INFO:colcon.colcon_core.shell:Creating package descriptor '/home/azem/azemauto/ros2_ws/install/my_robot_rviz/share/my_robot_rviz/package.dsv'
[1.888s] INFO:colcon.colcon_core.shell:Creating package script '/home/azem/azemauto/ros2_ws/install/my_robot_rviz/share/my_robot_rviz/package.sh'
[1.889s] INFO:colcon.colcon_core.shell:Creating package script '/home/azem/azemauto/ros2_ws/install/my_robot_rviz/share/my_robot_rviz/package.bash'
[1.889s] INFO:colcon.colcon_core.shell:Creating package script '/home/azem/azemauto/ros2_ws/install/my_robot_rviz/share/my_robot_rviz/package.zsh'
[1.890s] Level 1:colcon.colcon_core.environment:create_file_with_runtime_dependencies(/home/azem/azemauto/ros2_ws/install/my_robot_rviz/share/colcon-core/packages/my_robot_rviz)
[1.890s] Level 1:colcon.colcon_core.environment:create_environment_scripts_only(my_robot_description)
[1.891s] Level 1:colcon.colcon_core.environment:checking '/home/azem/azemauto/ros2_ws/install/my_robot_description' for CMake module files
[1.892s] DEBUG:colcon.colcon_core.event_handler.log_command:Invoked command in '/home/azem/azemauto/ros2_ws/build/my_robot_description' returned '0': CMAKE_PREFIX_PATH=/opt/ros/humble /usr/bin/cmake --install /home/azem/azemauto/ros2_ws/build/my_robot_description
[1.892s] Level 1:colcon.colcon_core.environment:checking '/home/azem/azemauto/ros2_ws/install/my_robot_description' for CMake config files
[1.892s] Level 1:colcon.colcon_core.shell:create_environment_hook('my_robot_description', 'cmake_prefix_path')
[1.893s] INFO:colcon.colcon_core.shell:Creating environment hook '/home/azem/azemauto/ros2_ws/install/my_robot_description/share/my_robot_description/hook/cmake_prefix_path.ps1'
[1.893s] INFO:colcon.colcon_core.shell:Creating environment descriptor '/home/azem/azemauto/ros2_ws/install/my_robot_description/share/my_robot_description/hook/cmake_prefix_path.dsv'
[1.894s] INFO:colcon.colcon_core.shell:Creating environment hook '/home/azem/azemauto/ros2_ws/install/my_robot_description/share/my_robot_description/hook/cmake_prefix_path.sh'
[1.894s] Level 1:colcon.colcon_core.environment:checking '/home/azem/azemauto/ros2_ws/install/my_robot_description/bin'
[1.894s] Level 1:colcon.colcon_core.environment:checking '/home/azem/azemauto/ros2_ws/install/my_robot_description/lib/pkgconfig/my_robot_description.pc'
[1.895s] Level 1:colcon.colcon_core.environment:checking '/home/azem/azemauto/ros2_ws/install/my_robot_description/lib/python3.10/site-packages'
[1.895s] Level 1:colcon.colcon_core.environment:checking '/home/azem/azemauto/ros2_ws/install/my_robot_description/bin'
[1.896s] INFO:colcon.colcon_core.shell:Creating package script '/home/azem/azemauto/ros2_ws/install/my_robot_description/share/my_robot_description/package.ps1'
[1.896s] INFO:colcon.colcon_core.shell:Creating package descriptor '/home/azem/azemauto/ros2_ws/install/my_robot_description/share/my_robot_description/package.dsv'
[1.897s] INFO:colcon.colcon_core.shell:Creating package script '/home/azem/azemauto/ros2_ws/install/my_robot_description/share/my_robot_description/package.sh'
[1.897s] INFO:colcon.colcon_core.shell:Creating package script '/home/azem/azemauto/ros2_ws/install/my_robot_description/share/my_robot_description/package.bash'
[1.898s] INFO:colcon.colcon_core.shell:Creating package script '/home/azem/azemauto/ros2_ws/install/my_robot_description/share/my_robot_description/package.zsh'
[1.898s] Level 1:colcon.colcon_core.environment:create_file_with_runtime_dependencies(/home/azem/azemauto/ros2_ws/install/my_robot_description/share/colcon-core/packages/my_robot_description)
[1.899s] Level 1:colcon.colcon_core.environment:create_environment_scripts_only(my_robot_description)
[1.900s] Level 1:colcon.colcon_core.environment:checking '/home/azem/azemauto/ros2_ws/install/my_robot_description' for CMake module files
[1.901s] Level 1:colcon.colcon_core.environment:checking '/home/azem/azemauto/ros2_ws/install/my_robot_description' for CMake config files
[1.901s] Level 1:colcon.colcon_core.shell:create_environment_hook('my_robot_description', 'cmake_prefix_path')
[1.901s] INFO:colcon.colcon_core.shell:Creating environment hook '/home/azem/azemauto/ros2_ws/install/my_robot_description/share/my_robot_description/hook/cmake_prefix_path.ps1'
[1.902s] INFO:colcon.colcon_core.shell:Creating environment descriptor '/home/azem/azemauto/ros2_ws/install/my_robot_description/share/my_robot_description/hook/cmake_prefix_path.dsv'
[1.903s] INFO:colcon.colcon_core.shell:Creating environment hook '/home/azem/azemauto/ros2_ws/install/my_robot_description/share/my_robot_description/hook/cmake_prefix_path.sh'
[1.904s] Level 1:colcon.colcon_core.environment:checking '/home/azem/azemauto/ros2_ws/install/my_robot_description/bin'
[1.904s] Level 1:colcon.colcon_core.environment:checking '/home/azem/azemauto/ros2_ws/install/my_robot_description/lib/pkgconfig/my_robot_description.pc'
[1.904s] Level 1:colcon.colcon_core.environment:checking '/home/azem/azemauto/ros2_ws/install/my_robot_description/lib/python3.10/site-packages'
[1.904s] Level 1:colcon.colcon_core.environment:checking '/home/azem/azemauto/ros2_ws/install/my_robot_description/bin'
[1.905s] INFO:colcon.colcon_core.shell:Creating package script '/home/azem/azemauto/ros2_ws/install/my_robot_description/share/my_robot_description/package.ps1'
[1.906s] INFO:colcon.colcon_core.shell:Creating package descriptor '/home/azem/azemauto/ros2_ws/install/my_robot_description/share/my_robot_description/package.dsv'
[1.906s] INFO:colcon.colcon_core.shell:Creating package script '/home/azem/azemauto/ros2_ws/install/my_robot_description/share/my_robot_description/package.sh'
[1.907s] INFO:colcon.colcon_core.shell:Creating package script '/home/azem/azemauto/ros2_ws/install/my_robot_description/share/my_robot_description/package.bash'
[1.907s] INFO:colcon.colcon_core.shell:Creating package script '/home/azem/azemauto/ros2_ws/install/my_robot_description/share/my_robot_description/package.zsh'
[1.908s] Level 1:colcon.colcon_core.environment:create_file_with_runtime_dependencies(/home/azem/azemauto/ros2_ws/install/my_robot_description/share/colcon-core/packages/my_robot_description)
[1.909s] Level 1:colcon.colcon_core.shell:create_environment_hook('my_robot_bridge', 'pythonpath_develop')
[1.909s] INFO:colcon.colcon_core.shell:Creating environment hook '/home/azem/azemauto/ros2_ws/build/my_robot_bridge/share/my_robot_bridge/hook/pythonpath_develop.ps1'
[1.910s] INFO:colcon.colcon_core.shell:Creating environment descriptor '/home/azem/azemauto/ros2_ws/build/my_robot_bridge/share/my_robot_bridge/hook/pythonpath_develop.dsv'
[1.910s] DEBUG:colcon.colcon_core.event_handler.log_command:Invoked command in '/home/azem/azemauto/ros2_ws/build/my_robot_bridge' returned '0': PYTHONPATH=/home/azem/azemauto/ros2_ws/build/my_robot_bridge/prefix_override:/usr/lib/python3/dist-packages/colcon_core/task/python/colcon_distutils_commands:/home/azem/azemauto/ros2_ws/install/my_robot_bridge/lib/python3.10/site-packages:${PYTHONPATH} /usr/bin/python3 -W ignore:setup.py install is deprecated -W ignore:easy_install command is deprecated setup.py develop --editable --build-directory /home/azem/azemauto/ros2_ws/build/my_robot_bridge/build --no-deps symlink_data
[1.911s] INFO:colcon.colcon_core.shell:Creating environment hook '/home/azem/azemauto/ros2_ws/build/my_robot_bridge/share/my_robot_bridge/hook/pythonpath_develop.sh'
[1.911s] Level 1:colcon.colcon_core.environment:checking '/home/azem/azemauto/ros2_ws/install/my_robot_bridge' for CMake module files
[1.912s] Level 1:colcon.colcon_core.environment:checking '/home/azem/azemauto/ros2_ws/install/my_robot_bridge' for CMake config files
[1.912s] Level 1:colcon.colcon_core.environment:checking '/home/azem/azemauto/ros2_ws/install/my_robot_bridge/lib'
[1.913s] Level 1:colcon.colcon_core.environment:checking '/home/azem/azemauto/ros2_ws/install/my_robot_bridge/bin'
[1.913s] Level 1:colcon.colcon_core.environment:checking '/home/azem/azemauto/ros2_ws/install/my_robot_bridge/lib/pkgconfig/my_robot_bridge.pc'
[1.913s] Level 1:colcon.colcon_core.environment:checking '/home/azem/azemauto/ros2_ws/install/my_robot_bridge/lib/python3.10/site-packages'
[1.913s] Level 1:colcon.colcon_core.shell:create_environment_hook('my_robot_bridge', 'pythonpath')
[1.913s] INFO:colcon.colcon_core.shell:Creating environment hook '/home/azem/azemauto/ros2_ws/install/my_robot_bridge/share/my_robot_bridge/hook/pythonpath.ps1'
[1.914s] INFO:colcon.colcon_core.shell:Creating environment descriptor '/home/azem/azemauto/ros2_ws/install/my_robot_bridge/share/my_robot_bridge/hook/pythonpath.dsv'
[1.914s] INFO:colcon.colcon_core.shell:Creating environment hook '/home/azem/azemauto/ros2_ws/install/my_robot_bridge/share/my_robot_bridge/hook/pythonpath.sh'
[1.915s] Level 1:colcon.colcon_core.environment:checking '/home/azem/azemauto/ros2_ws/install/my_robot_bridge/bin'
[1.915s] Level 1:colcon.colcon_core.environment:create_environment_scripts_only(my_robot_bridge)
[1.915s] INFO:colcon.colcon_core.shell:Creating package script '/home/azem/azemauto/ros2_ws/install/my_robot_bridge/share/my_robot_bridge/package.ps1'
[1.916s] INFO:colcon.colcon_core.shell:Creating package descriptor '/home/azem/azemauto/ros2_ws/install/my_robot_bridge/share/my_robot_bridge/package.dsv'
[1.917s] INFO:colcon.colcon_core.shell:Creating package script '/home/azem/azemauto/ros2_ws/install/my_robot_bridge/share/my_robot_bridge/package.sh'
[1.917s] INFO:colcon.colcon_core.shell:Creating package script '/home/azem/azemauto/ros2_ws/install/my_robot_bridge/share/my_robot_bridge/package.bash'
[1.918s] INFO:colcon.colcon_core.shell:Creating package script '/home/azem/azemauto/ros2_ws/install/my_robot_bridge/share/my_robot_bridge/package.zsh'
[1.918s] Level 1:colcon.colcon_core.environment:create_file_with_runtime_dependencies(/home/azem/azemauto/ros2_ws/install/my_robot_bridge/share/colcon-core/packages/my_robot_bridge)
[1.918s] INFO:colcon.colcon_ros.task.ament_python.build:Building ROS package in '/home/azem/azemauto/ros2_ws/src/my_robot_bringup' with build type 'ament_python'
[1.919s] Level 1:colcon.colcon_core.shell:create_environment_hook('my_robot_bringup', 'ament_prefix_path')
[1.919s] INFO:colcon.colcon_core.shell:Creating environment hook '/home/azem/azemauto/ros2_ws/install/my_robot_bringup/share/my_robot_bringup/hook/ament_prefix_path.ps1'
[1.920s] INFO:colcon.colcon_core.shell:Creating environment descriptor '/home/azem/azemauto/ros2_ws/install/my_robot_bringup/share/my_robot_bringup/hook/ament_prefix_path.dsv'
[1.920s] INFO:colcon.colcon_core.shell:Creating environment hook '/home/azem/azemauto/ros2_ws/install/my_robot_bringup/share/my_robot_bringup/hook/ament_prefix_path.sh'
[1.921s] INFO:colcon.colcon_core.shell:Skip shell extension 'powershell' for command environment: Not usable outside of PowerShell
[1.921s] DEBUG:colcon.colcon_core.shell:Skip shell extension 'dsv' for command environment
[2.209s] INFO:colcon.colcon_core.task.python.build:Building Python package in '/home/azem/azemauto/ros2_ws/src/my_robot_bringup'
[2.209s] INFO:colcon.colcon_core.shell:Skip shell extension 'powershell' for command environment: Not usable outside of PowerShell
[2.209s] DEBUG:colcon.colcon_core.shell:Skip shell extension 'dsv' for command environment
[2.643s] DEBUG:colcon.colcon_core.event_handler.log_command:Invoking command in '/home/azem/azemauto/ros2_ws/build/my_robot_bringup': AMENT_PREFIX_PATH=/home/azem/azemauto/ros2_ws/install/my_robot_rviz:/home/azem/azemauto/ros2_ws/install/my_robot_description:/home/azem/azemauto/ros2_ws/install/my_robot_bridge:${AMENT_PREFIX_PATH} CMAKE_PREFIX_PATH=/home/azem/azemauto/ros2_ws/install/my_robot_rviz:/home/azem/azemauto/ros2_ws/install/my_robot_description PYTHONPATH=/home/azem/azemauto/ros2_ws/build/my_robot_bringup/prefix_override:/usr/lib/python3/dist-packages/colcon_core/task/python/colcon_distutils_commands:/home/azem/azemauto/ros2_ws/install/my_robot_bringup/lib/python3.10/site-packages:/home/azem/azemauto/ros2_ws/build/my_robot_bridge:/home/azem/azemauto/ros2_ws/install/my_robot_bridge/lib/python3.10/site-packages:${PYTHONPATH} /usr/bin/python3 -W ignore:setup.py install is deprecated -W ignore:easy_install command is deprecated setup.py develop --editable --build-directory /home/azem/azemauto/ros2_ws/build/my_robot_bringup/build --no-deps symlink_data
[3.120s] Level 1:colcon.colcon_core.shell:create_environment_hook('my_robot_bringup', 'pythonpath_develop')
[3.121s] INFO:colcon.colcon_core.shell:Creating environment hook '/home/azem/azemauto/ros2_ws/build/my_robot_bringup/share/my_robot_bringup/hook/pythonpath_develop.ps1'
[3.121s] DEBUG:colcon.colcon_core.event_handler.log_command:Invoked command in '/home/azem/azemauto/ros2_ws/build/my_robot_bringup' returned '0': AMENT_PREFIX_PATH=/home/azem/azemauto/ros2_ws/install/my_robot_rviz:/home/azem/azemauto/ros2_ws/install/my_robot_description:/home/azem/azemauto/ros2_ws/install/my_robot_bridge:${AMENT_PREFIX_PATH} CMAKE_PREFIX_PATH=/home/azem/azemauto/ros2_ws/install/my_robot_rviz:/home/azem/azemauto/ros2_ws/install/my_robot_description PYTHONPATH=/home/azem/azemauto/ros2_ws/build/my_robot_bringup/prefix_override:/usr/lib/python3/dist-packages/colcon_core/task/python/colcon_distutils_commands:/home/azem/azemauto/ros2_ws/install/my_robot_bringup/lib/python3.10/site-packages:/home/azem/azemauto/ros2_ws/build/my_robot_bridge:/home/azem/azemauto/ros2_ws/install/my_robot_bridge/lib/python3.10/site-packages:${PYTHONPATH} /usr/bin/python3 -W ignore:setup.py install is deprecated -W ignore:easy_install command is deprecated setup.py develop --editable --build-directory /home/azem/azemauto/ros2_ws/build/my_robot_bringup/build --no-deps symlink_data
[3.122s] INFO:colcon.colcon_core.shell:Creating environment descriptor '/home/azem/azemauto/ros2_ws/build/my_robot_bringup/share/my_robot_bringup/hook/pythonpath_develop.dsv'
[3.122s] INFO:colcon.colcon_core.shell:Creating environment hook '/home/azem/azemauto/ros2_ws/build/my_robot_bringup/share/my_robot_bringup/hook/pythonpath_develop.sh'
[3.123s] Level 1:colcon.colcon_core.environment:checking '/home/azem/azemauto/ros2_ws/install/my_robot_bringup' for CMake module files
[3.123s] Level 1:colcon.colcon_core.environment:checking '/home/azem/azemauto/ros2_ws/install/my_robot_bringup' for CMake config files
[3.124s] Level 1:colcon.colcon_core.environment:checking '/home/azem/azemauto/ros2_ws/install/my_robot_bringup/lib'
[3.124s] Level 1:colcon.colcon_core.environment:checking '/home/azem/azemauto/ros2_ws/install/my_robot_bringup/bin'
[3.124s] Level 1:colcon.colcon_core.environment:checking '/home/azem/azemauto/ros2_ws/install/my_robot_bringup/lib/pkgconfig/my_robot_bringup.pc'
[3.125s] Level 1:colcon.colcon_core.environment:checking '/home/azem/azemauto/ros2_ws/install/my_robot_bringup/lib/python3.10/site-packages'
[3.125s] Level 1:colcon.colcon_core.shell:create_environment_hook('my_robot_bringup', 'pythonpath')
[3.125s] INFO:colcon.colcon_core.shell:Creating environment hook '/home/azem/azemauto/ros2_ws/install/my_robot_bringup/share/my_robot_bringup/hook/pythonpath.ps1'
[3.125s] INFO:colcon.colcon_core.shell:Creating environment descriptor '/home/azem/azemauto/ros2_ws/install/my_robot_bringup/share/my_robot_bringup/hook/pythonpath.dsv'
[3.126s] INFO:colcon.colcon_core.shell:Creating environment hook '/home/azem/azemauto/ros2_ws/install/my_robot_bringup/share/my_robot_bringup/hook/pythonpath.sh'
[3.126s] Level 1:colcon.colcon_core.environment:checking '/home/azem/azemauto/ros2_ws/install/my_robot_bringup/bin'
[3.127s] Level 1:colcon.colcon_core.environment:create_environment_scripts_only(my_robot_bringup)
[3.127s] INFO:colcon.colcon_core.shell:Creating package script '/home/azem/azemauto/ros2_ws/install/my_robot_bringup/share/my_robot_bringup/package.ps1'
[3.128s] INFO:colcon.colcon_core.shell:Creating package descriptor '/home/azem/azemauto/ros2_ws/install/my_robot_bringup/share/my_robot_bringup/package.dsv'
[3.128s] INFO:colcon.colcon_core.shell:Creating package script '/home/azem/azemauto/ros2_ws/install/my_robot_bringup/share/my_robot_bringup/package.sh'
[3.129s] INFO:colcon.colcon_core.shell:Creating package script '/home/azem/azemauto/ros2_ws/install/my_robot_bringup/share/my_robot_bringup/package.bash'
[3.129s] INFO:colcon.colcon_core.shell:Creating package script '/home/azem/azemauto/ros2_ws/install/my_robot_bringup/share/my_robot_bringup/package.zsh'
[3.129s] Level 1:colcon.colcon_core.environment:create_file_with_runtime_dependencies(/home/azem/azemauto/ros2_ws/install/my_robot_bringup/share/colcon-core/packages/my_robot_bringup)
[3.130s] DEBUG:colcon.colcon_parallel_executor.executor.parallel:closing loop
[3.130s] DEBUG:colcon.colcon_parallel_executor.executor.parallel:loop closed
[3.130s] DEBUG:colcon.colcon_parallel_executor.executor.parallel:run_until_complete finished with '0'
[3.130s] DEBUG:colcon.colcon_core.event_reactor:joining thread
[3.138s] INFO:colcon.colcon_core.plugin_system:Skipping extension 'colcon_notification.desktop_notification.terminal_notifier': Not used on non-Darwin systems
[3.138s] INFO:colcon.colcon_core.plugin_system:Skipping extension 'colcon_notification.desktop_notification.win32': Not used on non-Windows systems
[3.138s] INFO:colcon.colcon_notification.desktop_notification:Sending desktop notification using 'notify2'
[3.138s] DEBUG:colcon.colcon_notification.desktop_notification.notify2:Failed to initialize notify2: org.freedesktop.DBus.Error.AccessDenied: Failed to connect to socket /run/user/1000/bus: Operation not permitted
[3.138s] DEBUG:colcon.colcon_core.event_reactor:joined thread
[3.139s] INFO:colcon.colcon_core.shell:Creating prefix script '/home/azem/azemauto/ros2_ws/install/local_setup.ps1'
[3.140s] INFO:colcon.colcon_core.shell:Creating prefix util module '/home/azem/azemauto/ros2_ws/install/_local_setup_util_ps1.py'
[3.141s] INFO:colcon.colcon_core.shell:Creating prefix chain script '/home/azem/azemauto/ros2_ws/install/setup.ps1'
[3.142s] INFO:colcon.colcon_core.shell:Creating prefix script '/home/azem/azemauto/ros2_ws/install/local_setup.sh'
[3.143s] INFO:colcon.colcon_core.shell:Creating prefix util module '/home/azem/azemauto/ros2_ws/install/_local_setup_util_sh.py'
[3.143s] INFO:colcon.colcon_core.shell:Creating prefix chain script '/home/azem/azemauto/ros2_ws/install/setup.sh'
[3.144s] INFO:colcon.colcon_core.shell:Creating prefix script '/home/azem/azemauto/ros2_ws/install/local_setup.bash'
[3.144s] INFO:colcon.colcon_core.shell:Creating prefix chain script '/home/azem/azemauto/ros2_ws/install/setup.bash'
[3.145s] INFO:colcon.colcon_core.shell:Creating prefix script '/home/azem/azemauto/ros2_ws/install/local_setup.zsh'
[3.147s] INFO:colcon.colcon_core.shell:Creating prefix chain script '/home/azem/azemauto/ros2_ws/install/setup.zsh'
