running develop
running egg_info
writing my_robot_bringup.egg-info/PKG-INFO
writing dependency_links to my_robot_bringup.egg-info/dependency_links.txt
writing requirements to my_robot_bringup.egg-info/requires.txt
writing top-level names to my_robot_bringup.egg-info/top_level.txt
reading manifest file 'my_robot_bringup.egg-info/SOURCES.txt'
writing manifest file 'my_robot_bringup.egg-info/SOURCES.txt'
running build_ext
Creating /home/azem/azemauto/ros2_ws/install/my_robot_bringup/lib/python3.10/site-packages/my-robot-bringup.egg-link (link to .)

Installed /home/azem/azemauto/ros2_ws/build/my_robot_bringup
running symlink_data
symbolically linking /home/azem/azemauto/ros2_ws/build/my_robot_bringup/launch/pc_mapping.launch.py -> /home/azem/azemauto/ros2_ws/install/my_robot_bringup/share/my_robot_bringup/launch
symbolically linking /home/azem/azemauto/ros2_ws/build/my_robot_bringup/launch/pi_mapping.launch.py -> /home/azem/azemauto/ros2_ws/install/my_robot_bringup/share/my_robot_bringup/launch
creating /home/azem/azemauto/ros2_ws/install/my_robot_bringup/share/my_robot_bringup/config/mapping
symbolically linking /home/azem/azemauto/ros2_ws/build/my_robot_bringup/config/mapping/slam_toolbox_mapping.yaml -> /home/azem/azemauto/ros2_ws/install/my_robot_bringup/share/my_robot_bringup/config/mapping
symbolically linking /home/azem/azemauto/ros2_ws/build/my_robot_bringup/config/mapping/depth_to_scan.yaml -> /home/azem/azemauto/ros2_ws/install/my_robot_bringup/share/my_robot_bringup/config/mapping
creating /home/azem/azemauto/ros2_ws/install/my_robot_bringup/share/my_robot_bringup/config/teleop
symbolically linking /home/azem/azemauto/ros2_ws/build/my_robot_bringup/config/teleop/xbox_teleop.yaml -> /home/azem/azemauto/ros2_ws/install/my_robot_bringup/share/my_robot_bringup/config/teleop
symbolically linking /home/azem/azemauto/ros2_ws/build/my_robot_bringup/config/teleop/cmd_vel_to_mavros.yaml -> /home/azem/azemauto/ros2_ws/install/my_robot_bringup/share/my_robot_bringup/config/teleop
