[60.042s] Invoking command in '/home/azem/azemauto/ros2_ws/build/my_robot_bringup': AMENT_PREFIX_PATH=/home/azem/azemauto/ros2_ws/install/my_robot_rviz:/home/azem/azemauto/ros2_ws/install/my_robot_description:/home/azem/azemauto/ros2_ws/install/my_robot_bridge:${AMENT_PREFIX_PATH} CMAKE_PREFIX_PATH=/home/azem/azemauto/ros2_ws/install/my_robot_rviz:/home/azem/azemauto/ros2_ws/install/my_robot_description PYTHONPATH=/home/azem/azemauto/ros2_ws/build/my_robot_bringup/prefix_override:/usr/lib/python3/dist-packages/colcon_core/task/python/colcon_distutils_commands:/home/azem/azemauto/ros2_ws/install/my_robot_bringup/lib/python3.10/site-packages:/home/azem/azemauto/ros2_ws/build/my_robot_bridge:/home/azem/azemauto/ros2_ws/install/my_robot_bridge/lib/python3.10/site-packages:${PYTHONPATH} /usr/bin/python3 -W ignore:setup.py install is deprecated -W ignore:easy_install command is deprecated setup.py develop --editable --build-directory /home/azem/azemauto/ros2_ws/build/my_robot_bringup/build --no-deps symlink_data
[60.255s] running develop
[60.393s] running egg_info
[60.393s] writing my_robot_bringup.egg-info/PKG-INFO
[60.393s] writing dependency_links to my_robot_bringup.egg-info/dependency_links.txt
[60.393s] writing requirements to my_robot_bringup.egg-info/requires.txt
[60.394s] writing top-level names to my_robot_bringup.egg-info/top_level.txt
[60.395s] reading manifest file 'my_robot_bringup.egg-info/SOURCES.txt'
[60.395s] writing manifest file 'my_robot_bringup.egg-info/SOURCES.txt'
[60.396s] running build_ext
[60.397s] Creating /home/azem/azemauto/ros2_ws/install/my_robot_bringup/lib/python3.10/site-packages/my-robot-bringup.egg-link (link to .)
[60.397s] 
[60.397s] Installed /home/azem/azemauto/ros2_ws/build/my_robot_bringup
[60.397s] running symlink_data
[60.397s] symbolically linking /home/azem/azemauto/ros2_ws/build/my_robot_bringup/launch/pc_mapping.launch.py -> /home/azem/azemauto/ros2_ws/install/my_robot_bringup/share/my_robot_bringup/launch
[60.397s] symbolically linking /home/azem/azemauto/ros2_ws/build/my_robot_bringup/launch/pi_mapping.launch.py -> /home/azem/azemauto/ros2_ws/install/my_robot_bringup/share/my_robot_bringup/launch
[60.398s] creating /home/azem/azemauto/ros2_ws/install/my_robot_bringup/share/my_robot_bringup/config/mapping
[60.398s] symbolically linking /home/azem/azemauto/ros2_ws/build/my_robot_bringup/config/mapping/slam_toolbox_mapping.yaml -> /home/azem/azemauto/ros2_ws/install/my_robot_bringup/share/my_robot_bringup/config/mapping
[60.398s] symbolically linking /home/azem/azemauto/ros2_ws/build/my_robot_bringup/config/mapping/depth_to_scan.yaml -> /home/azem/azemauto/ros2_ws/install/my_robot_bringup/share/my_robot_bringup/config/mapping
[60.398s] creating /home/azem/azemauto/ros2_ws/install/my_robot_bringup/share/my_robot_bringup/config/teleop
[60.398s] symbolically linking /home/azem/azemauto/ros2_ws/build/my_robot_bringup/config/teleop/xbox_teleop.yaml -> /home/azem/azemauto/ros2_ws/install/my_robot_bringup/share/my_robot_bringup/config/teleop
[60.398s] symbolically linking /home/azem/azemauto/ros2_ws/build/my_robot_bringup/config/teleop/cmd_vel_to_mavros.yaml -> /home/azem/azemauto/ros2_ws/install/my_robot_bringup/share/my_robot_bringup/config/teleop
[60.417s] Invoked command in '/home/azem/azemauto/ros2_ws/build/my_robot_bringup' returned '0': AMENT_PREFIX_PATH=/home/azem/azemauto/ros2_ws/install/my_robot_rviz:/home/azem/azemauto/ros2_ws/install/my_robot_description:/home/azem/azemauto/ros2_ws/install/my_robot_bridge:${AMENT_PREFIX_PATH} CMAKE_PREFIX_PATH=/home/azem/azemauto/ros2_ws/install/my_robot_rviz:/home/azem/azemauto/ros2_ws/install/my_robot_description PYTHONPATH=/home/azem/azemauto/ros2_ws/build/my_robot_bringup/prefix_override:/usr/lib/python3/dist-packages/colcon_core/task/python/colcon_distutils_commands:/home/azem/azemauto/ros2_ws/install/my_robot_bringup/lib/python3.10/site-packages:/home/azem/azemauto/ros2_ws/build/my_robot_bridge:/home/azem/azemauto/ros2_ws/install/my_robot_bridge/lib/python3.10/site-packages:${PYTHONPATH} /usr/bin/python3 -W ignore:setup.py install is deprecated -W ignore:easy_install command is deprecated setup.py develop --editable --build-directory /home/azem/azemauto/ros2_ws/build/my_robot_bringup/build --no-deps symlink_data
