[30.638s] Invoking command in '/home/azem/azemauto/ros2_ws/build/my_robot_bridge': PYTHONPATH=/home/azem/azemauto/ros2_ws/build/my_robot_bridge/prefix_override:/usr/lib/python3/dist-packages/colcon_core/task/python/colcon_distutils_commands:/home/azem/azemauto/ros2_ws/install/my_robot_bridge/lib/python3.10/site-packages:${PYTHONPATH} /usr/bin/python3 -W ignore:setup.py install is deprecated -W ignore:easy_install command is deprecated setup.py develop --editable --build-directory /home/azem/azemauto/ros2_ws/build/my_robot_bridge/build --no-deps symlink_data
[30.870s] running develop
[31.025s] running egg_info
[31.025s] writing my_robot_bridge.egg-info/PKG-INFO
[31.025s] writing dependency_links to my_robot_bridge.egg-info/dependency_links.txt
[31.025s] writing entry points to my_robot_bridge.egg-info/entry_points.txt
[31.025s] writing requirements to my_robot_bridge.egg-info/requires.txt
[31.025s] writing top-level names to my_robot_bridge.egg-info/top_level.txt
[31.026s] reading manifest file 'my_robot_bridge.egg-info/SOURCES.txt'
[31.032s] writing manifest file 'my_robot_bridge.egg-info/SOURCES.txt'
[31.033s] running build_ext
[31.033s] Creating /home/azem/azemauto/ros2_ws/install/my_robot_bridge/lib/python3.10/site-packages/my-robot-bridge.egg-link (link to .)
[31.034s] Installing auto_arm_disarm script to /home/azem/azemauto/ros2_ws/install/my_robot_bridge/lib/my_robot_bridge
[31.034s] Installing cmd_vel_to_mavros script to /home/azem/azemauto/ros2_ws/install/my_robot_bridge/lib/my_robot_bridge
[31.034s] Installing mavros_bridge script to /home/azem/azemauto/ros2_ws/install/my_robot_bridge/lib/my_robot_bridge
[31.034s] Installing scan_timestamp_bridge script to /home/azem/azemauto/ros2_ws/install/my_robot_bridge/lib/my_robot_bridge
[31.034s] 
[31.034s] Installed /home/azem/azemauto/ros2_ws/build/my_robot_bridge
[31.034s] running symlink_data
[31.056s] Invoked command in '/home/azem/azemauto/ros2_ws/build/my_robot_bridge' returned '0': PYTHONPATH=/home/azem/azemauto/ros2_ws/build/my_robot_bridge/prefix_override:/usr/lib/python3/dist-packages/colcon_core/task/python/colcon_distutils_commands:/home/azem/azemauto/ros2_ws/install/my_robot_bridge/lib/python3.10/site-packages:${PYTHONPATH} /usr/bin/python3 -W ignore:setup.py install is deprecated -W ignore:easy_install command is deprecated setup.py develop --editable --build-directory /home/azem/azemauto/ros2_ws/build/my_robot_bridge/build --no-deps symlink_data
