-- The C compiler identification is GNU 11.4.0
-- The CXX compiler identification is GNU 11.4.0
-- Detecting C compiler ABI info
-- Detecting C compiler ABI info - done
-- Check for working C compiler: /usr/bin/cc - skipped
-- Detecting C compile features
-- Detecting C compile features - done
-- Detecting CXX compiler ABI info
-- Detecting CXX compiler ABI info - done
-- Check for working CXX compiler: /usr/bin/c++ - skipped
-- Detecting CXX compile features
-- Detecting CXX compile features - done
-- Found ament_cmake: 1.3.13 (/opt/ros/humble/share/ament_cmake/cmake)
-- Found Python3: /usr/bin/python3 (found version "3.10.12") found components: Interpreter 
-- Override CMake install command with custom implementation using symlinks instead of copying resources
-- Configuring done
-- Generating done
-- Build files have been written to: /home/azem/azemauto/ros2_ws/build/my_robot_rviz
-- Install configuration: ""
-- Execute custom install script
-- Symlinking: /home/azem/azemauto/ros2_ws/install/my_robot_rviz/share/my_robot_rviz/rviz/azemauto.rviz
-- Symlinking: /home/azem/azemauto/ros2_ws/install/my_robot_rviz/share/ament_index/resource_index/package_run_dependencies/my_robot_rviz
-- Symlinking: /home/azem/azemauto/ros2_ws/install/my_robot_rviz/share/ament_index/resource_index/parent_prefix_path/my_robot_rviz
-- Symlinking: /home/azem/azemauto/ros2_ws/install/my_robot_rviz/share/my_robot_rviz/environment/ament_prefix_path.sh
-- Symlinking: /home/azem/azemauto/ros2_ws/install/my_robot_rviz/share/my_robot_rviz/environment/ament_prefix_path.dsv
-- Symlinking: /home/azem/azemauto/ros2_ws/install/my_robot_rviz/share/my_robot_rviz/environment/path.sh
-- Symlinking: /home/azem/azemauto/ros2_ws/install/my_robot_rviz/share/my_robot_rviz/environment/path.dsv
-- Symlinking: /home/azem/azemauto/ros2_ws/install/my_robot_rviz/share/my_robot_rviz/local_setup.bash
-- Symlinking: /home/azem/azemauto/ros2_ws/install/my_robot_rviz/share/my_robot_rviz/local_setup.sh
-- Symlinking: /home/azem/azemauto/ros2_ws/install/my_robot_rviz/share/my_robot_rviz/local_setup.zsh
-- Symlinking: /home/azem/azemauto/ros2_ws/install/my_robot_rviz/share/my_robot_rviz/local_setup.dsv
-- Symlinking: /home/azem/azemauto/ros2_ws/install/my_robot_rviz/share/my_robot_rviz/package.dsv
-- Symlinking: /home/azem/azemauto/ros2_ws/install/my_robot_rviz/share/ament_index/resource_index/packages/my_robot_rviz
-- Symlinking: /home/azem/azemauto/ros2_ws/install/my_robot_rviz/share/my_robot_rviz/cmake/my_robot_rvizConfig.cmake
-- Symlinking: /home/azem/azemauto/ros2_ws/install/my_robot_rviz/share/my_robot_rviz/cmake/my_robot_rvizConfig-version.cmake
-- Symlinking: /home/azem/azemauto/ros2_ws/install/my_robot_rviz/share/my_robot_rviz/package.xml
