[0.299s] Invoking command in '/home/azem/azemauto/ros2_ws/build/my_robot_rviz': CMAKE_PREFIX_PATH=/opt/ros/humble /usr/bin/cmake /home/azem/azemauto/ros2_ws/src/my_robot_rviz -DAMENT_CMAKE_SYMLINK_INSTALL=1 -DCMAKE_INSTALL_PREFIX=/home/azem/azemauto/ros2_ws/install/my_robot_rviz
[0.430s] -- The C compiler identification is GNU 11.4.0
[0.530s] -- The CXX compiler identification is GNU 11.4.0
[0.542s] -- Detecting C compiler ABI info
[0.623s] -- Detecting C compiler ABI info - done
[0.631s] -- Check for working C compiler: /usr/bin/cc - skipped
[0.632s] -- Detecting C compile features
[0.632s] -- Detecting C compile features - done
[0.639s] -- Detecting CXX compiler ABI info
[0.726s] -- Detecting CXX compiler ABI info - done
[0.733s] -- Check for working CXX compiler: /usr/bin/c++ - skipped
[0.733s] -- Detecting CXX compile features
[0.733s] -- Detecting CXX compile features - done
[0.735s] -- Found ament_cmake: 1.3.13 (/opt/ros/humble/share/ament_cmake/cmake)
[0.910s] -- Found Python3: /usr/bin/python3 (found version "3.10.12") found components: Interpreter 
[0.983s] -- Override CMake install command with custom implementation using symlinks instead of copying resources
[1.081s] -- Configuring done
[1.086s] -- Generating done
[1.087s] -- Build files have been written to: /home/azem/azemauto/ros2_ws/build/my_robot_rviz
[1.093s] Invoked command in '/home/azem/azemauto/ros2_ws/build/my_robot_rviz' returned '0': CMAKE_PREFIX_PATH=/opt/ros/humble /usr/bin/cmake /home/azem/azemauto/ros2_ws/src/my_robot_rviz -DAMENT_CMAKE_SYMLINK_INSTALL=1 -DCMAKE_INSTALL_PREFIX=/home/azem/azemauto/ros2_ws/install/my_robot_rviz
[1.095s] Invoking command in '/home/azem/azemauto/ros2_ws/build/my_robot_rviz': CMAKE_PREFIX_PATH=/opt/ros/humble /usr/bin/cmake --build /home/azem/azemauto/ros2_ws/build/my_robot_rviz -- -j12 -l12
[1.139s] Invoked command in '/home/azem/azemauto/ros2_ws/build/my_robot_rviz' returned '0': CMAKE_PREFIX_PATH=/opt/ros/humble /usr/bin/cmake --build /home/azem/azemauto/ros2_ws/build/my_robot_rviz -- -j12 -l12
[1.140s] Invoking command in '/home/azem/azemauto/ros2_ws/build/my_robot_rviz': CMAKE_PREFIX_PATH=/opt/ros/humble /usr/bin/cmake --install /home/azem/azemauto/ros2_ws/build/my_robot_rviz
[1.150s] -- Install configuration: ""
[1.150s] -- Execute custom install script
[1.151s] -- Symlinking: /home/azem/azemauto/ros2_ws/install/my_robot_rviz/share/my_robot_rviz/rviz/azemauto.rviz
[1.167s] -- Symlinking: /home/azem/azemauto/ros2_ws/install/my_robot_rviz/share/ament_index/resource_index/package_run_dependencies/my_robot_rviz
[1.186s] -- Symlinking: /home/azem/azemauto/ros2_ws/install/my_robot_rviz/share/ament_index/resource_index/parent_prefix_path/my_robot_rviz
[1.199s] -- Symlinking: /home/azem/azemauto/ros2_ws/install/my_robot_rviz/share/my_robot_rviz/environment/ament_prefix_path.sh
[1.209s] -- Symlinking: /home/azem/azemauto/ros2_ws/install/my_robot_rviz/share/my_robot_rviz/environment/ament_prefix_path.dsv
[1.220s] -- Symlinking: /home/azem/azemauto/ros2_ws/install/my_robot_rviz/share/my_robot_rviz/environment/path.sh
[1.230s] -- Symlinking: /home/azem/azemauto/ros2_ws/install/my_robot_rviz/share/my_robot_rviz/environment/path.dsv
[1.240s] -- Symlinking: /home/azem/azemauto/ros2_ws/install/my_robot_rviz/share/my_robot_rviz/local_setup.bash
[1.249s] -- Symlinking: /home/azem/azemauto/ros2_ws/install/my_robot_rviz/share/my_robot_rviz/local_setup.sh
[1.258s] -- Symlinking: /home/azem/azemauto/ros2_ws/install/my_robot_rviz/share/my_robot_rviz/local_setup.zsh
[1.268s] -- Symlinking: /home/azem/azemauto/ros2_ws/install/my_robot_rviz/share/my_robot_rviz/local_setup.dsv
[1.279s] -- Symlinking: /home/azem/azemauto/ros2_ws/install/my_robot_rviz/share/my_robot_rviz/package.dsv
[1.292s] -- Symlinking: /home/azem/azemauto/ros2_ws/install/my_robot_rviz/share/ament_index/resource_index/packages/my_robot_rviz
[1.304s] -- Symlinking: /home/azem/azemauto/ros2_ws/install/my_robot_rviz/share/my_robot_rviz/cmake/my_robot_rvizConfig.cmake
[1.316s] -- Symlinking: /home/azem/azemauto/ros2_ws/install/my_robot_rviz/share/my_robot_rviz/cmake/my_robot_rvizConfig-version.cmake
[1.327s] -- Symlinking: /home/azem/azemauto/ros2_ws/install/my_robot_rviz/share/my_robot_rviz/package.xml
[1.343s] Invoked command in '/home/azem/azemauto/ros2_ws/build/my_robot_rviz' returned '0': CMAKE_PREFIX_PATH=/opt/ros/humble /usr/bin/cmake --install /home/azem/azemauto/ros2_ws/build/my_robot_rviz
