running develop
running egg_info
creating my_robot_bringup.egg-info
writing my_robot_bringup.egg-info/PKG-INFO
writing dependency_links to my_robot_bringup.egg-info/dependency_links.txt
writing requirements to my_robot_bringup.egg-info/requires.txt
writing top-level names to my_robot_bringup.egg-info/top_level.txt
writing manifest file 'my_robot_bringup.egg-info/SOURCES.txt'
reading manifest file 'my_robot_bringup.egg-info/SOURCES.txt'
writing manifest file 'my_robot_bringup.egg-info/SOURCES.txt'
running build_ext
Creating /home/azem/azemauto/ros2_ws/install/my_robot_bringup/lib/python3.10/site-packages/my-robot-bringup.egg-link (link to .)

Installed /home/azem/azemauto/ros2_ws/build/my_robot_bringup
running symlink_data
creating /home/azem/azemauto/ros2_ws/install/my_robot_bringup/share/ament_index
creating /home/azem/azemauto/ros2_ws/install/my_robot_bringup/share/ament_index/resource_index
creating /home/azem/azemauto/ros2_ws/install/my_robot_bringup/share/ament_index/resource_index/packages
symbolically linking /home/azem/azemauto/ros2_ws/build/my_robot_bringup/resource/my_robot_bringup -> /home/azem/azemauto/ros2_ws/install/my_robot_bringup/share/ament_index/resource_index/packages
symbolically linking /home/azem/azemauto/ros2_ws/build/my_robot_bringup/package.xml -> /home/azem/azemauto/ros2_ws/install/my_robot_bringup/share/my_robot_bringup
creating /home/azem/azemauto/ros2_ws/install/my_robot_bringup/share/my_robot_bringup/launch
symbolically linking /home/azem/azemauto/ros2_ws/build/my_robot_bringup/launch/pc_visualization.launch.py -> /home/azem/azemauto/ros2_ws/install/my_robot_bringup/share/my_robot_bringup/launch
symbolically linking /home/azem/azemauto/ros2_ws/build/my_robot_bringup/launch/future_localization.launch.py -> /home/azem/azemauto/ros2_ws/install/my_robot_bringup/share/my_robot_bringup/launch
symbolically linking /home/azem/azemauto/ros2_ws/build/my_robot_bringup/launch/pi_bringup.launch.py -> /home/azem/azemauto/ros2_ws/install/my_robot_bringup/share/my_robot_bringup/launch
creating /home/azem/azemauto/ros2_ws/install/my_robot_bringup/share/my_robot_bringup/config
creating /home/azem/azemauto/ros2_ws/install/my_robot_bringup/share/my_robot_bringup/config/mavros
symbolically linking /home/azem/azemauto/ros2_ws/build/my_robot_bringup/config/mavros/mavros_params.yaml -> /home/azem/azemauto/ros2_ws/install/my_robot_bringup/share/my_robot_bringup/config/mavros
creating /home/azem/azemauto/ros2_ws/install/my_robot_bringup/share/my_robot_bringup/config/realsense
symbolically linking /home/azem/azemauto/ros2_ws/build/my_robot_bringup/config/realsense/realsense_d435.yaml -> /home/azem/azemauto/ros2_ws/install/my_robot_bringup/share/my_robot_bringup/config/realsense
creating /home/azem/azemauto/ros2_ws/install/my_robot_bringup/share/my_robot_bringup/config/network
symbolically linking /home/azem/azemauto/ros2_ws/build/my_robot_bringup/config/network/cyclonedds.xml -> /home/azem/azemauto/ros2_ws/install/my_robot_bringup/share/my_robot_bringup/config/network
creating /home/azem/azemauto/ros2_ws/install/my_robot_bringup/share/my_robot_bringup/config/future
creating /home/azem/azemauto/ros2_ws/install/my_robot_bringup/share/my_robot_bringup/config/future/robot_localization
symbolically linking /home/azem/azemauto/ros2_ws/build/my_robot_bringup/config/future/robot_localization/ekf_template.yaml -> /home/azem/azemauto/ros2_ws/install/my_robot_bringup/share/my_robot_bringup/config/future/robot_localization
symbolically linking /home/azem/azemauto/ros2_ws/build/my_robot_bringup/config/future/robot_localization/navsat_transform_template.yaml -> /home/azem/azemauto/ros2_ws/install/my_robot_bringup/share/my_robot_bringup/config/future/robot_localization
creating /home/azem/azemauto/ros2_ws/install/my_robot_bringup/share/my_robot_bringup/config/future/nav2
symbolically linking /home/azem/azemauto/ros2_ws/build/my_robot_bringup/config/future/nav2/nav2_params_template.yaml -> /home/azem/azemauto/ros2_ws/install/my_robot_bringup/share/my_robot_bringup/config/future/nav2
