[0.300s] Invoking command in '/home/azem/azemauto/ros2_ws/build/my_robot_description': CMAKE_PREFIX_PATH=/opt/ros/humble /usr/bin/cmake /home/azem/azemauto/ros2_ws/src/my_robot_description -DAMENT_CMAKE_SYMLINK_INSTALL=1 -DCMAKE_INSTALL_PREFIX=/home/azem/azemauto/ros2_ws/install/my_robot_description
[0.434s] -- The C compiler identification is GNU 11.4.0
[0.532s] -- The CXX compiler identification is GNU 11.4.0
[0.545s] -- Detecting C compiler ABI info
[0.630s] -- Detecting C compiler ABI info - done
[0.642s] -- Check for working C compiler: /usr/bin/cc - skipped
[0.642s] -- Detecting C compile features
[0.642s] -- Detecting C compile features - done
[0.647s] -- Detecting CXX compiler ABI info
[0.734s] -- Detecting CXX compiler ABI info - done
[0.741s] -- Check for working CXX compiler: /usr/bin/c++ - skipped
[0.741s] -- Detecting CXX compile features
[0.741s] -- Detecting CXX compile features - done
[0.744s] -- Found ament_cmake: 1.3.13 (/opt/ros/humble/share/ament_cmake/cmake)
[0.909s] -- Found Python3: /usr/bin/python3 (found version "3.10.12") found components: Interpreter 
[0.981s] -- Override CMake install command with custom implementation using symlinks instead of copying resources
[1.077s] -- Configuring done
[1.079s] -- Generating done
[1.081s] -- Build files have been written to: /home/azem/azemauto/ros2_ws/build/my_robot_description
[1.085s] Invoked command in '/home/azem/azemauto/ros2_ws/build/my_robot_description' returned '0': CMAKE_PREFIX_PATH=/opt/ros/humble /usr/bin/cmake /home/azem/azemauto/ros2_ws/src/my_robot_description -DAMENT_CMAKE_SYMLINK_INSTALL=1 -DCMAKE_INSTALL_PREFIX=/home/azem/azemauto/ros2_ws/install/my_robot_description
[1.087s] Invoking command in '/home/azem/azemauto/ros2_ws/build/my_robot_description': CMAKE_PREFIX_PATH=/opt/ros/humble /usr/bin/cmake --build /home/azem/azemauto/ros2_ws/build/my_robot_description -- -j12 -l12
[1.129s] Invoked command in '/home/azem/azemauto/ros2_ws/build/my_robot_description' returned '0': CMAKE_PREFIX_PATH=/opt/ros/humble /usr/bin/cmake --build /home/azem/azemauto/ros2_ws/build/my_robot_description -- -j12 -l12
[1.141s] Invoking command in '/home/azem/azemauto/ros2_ws/build/my_robot_description': CMAKE_PREFIX_PATH=/opt/ros/humble /usr/bin/cmake --install /home/azem/azemauto/ros2_ws/build/my_robot_description
[1.151s] -- Install configuration: ""
[1.151s] -- Execute custom install script
[1.152s] -- Symlinking: /home/azem/azemauto/ros2_ws/install/my_robot_description/share/my_robot_description/launch/__pycache__/display_description.launch.cpython-310.pyc
[1.166s] -- Symlinking: /home/azem/azemauto/ros2_ws/install/my_robot_description/share/my_robot_description/launch/display_description.launch.py
[1.182s] -- Symlinking: /home/azem/azemauto/ros2_ws/install/my_robot_description/share/my_robot_description/urdf/azemauto.urdf.xacro
[1.202s] -- Symlinking: /home/azem/azemauto/ros2_ws/install/my_robot_description/share/ament_index/resource_index/package_run_dependencies/my_robot_description
[1.212s] -- Symlinking: /home/azem/azemauto/ros2_ws/install/my_robot_description/share/ament_index/resource_index/parent_prefix_path/my_robot_description
[1.223s] -- Symlinking: /home/azem/azemauto/ros2_ws/install/my_robot_description/share/my_robot_description/environment/ament_prefix_path.sh
[1.233s] -- Symlinking: /home/azem/azemauto/ros2_ws/install/my_robot_description/share/my_robot_description/environment/ament_prefix_path.dsv
[1.243s] -- Symlinking: /home/azem/azemauto/ros2_ws/install/my_robot_description/share/my_robot_description/environment/path.sh
[1.252s] -- Symlinking: /home/azem/azemauto/ros2_ws/install/my_robot_description/share/my_robot_description/environment/path.dsv
[1.263s] -- Symlinking: /home/azem/azemauto/ros2_ws/install/my_robot_description/share/my_robot_description/local_setup.bash
[1.274s] -- Symlinking: /home/azem/azemauto/ros2_ws/install/my_robot_description/share/my_robot_description/local_setup.sh
[1.284s] -- Symlinking: /home/azem/azemauto/ros2_ws/install/my_robot_description/share/my_robot_description/local_setup.zsh
[1.297s] -- Symlinking: /home/azem/azemauto/ros2_ws/install/my_robot_description/share/my_robot_description/local_setup.dsv
[1.307s] -- Symlinking: /home/azem/azemauto/ros2_ws/install/my_robot_description/share/my_robot_description/package.dsv
[1.319s] -- Symlinking: /home/azem/azemauto/ros2_ws/install/my_robot_description/share/ament_index/resource_index/packages/my_robot_description
[1.330s] -- Symlinking: /home/azem/azemauto/ros2_ws/install/my_robot_description/share/my_robot_description/cmake/my_robot_descriptionConfig.cmake
[1.342s] -- Symlinking: /home/azem/azemauto/ros2_ws/install/my_robot_description/share/my_robot_description/cmake/my_robot_descriptionConfig-version.cmake
[1.375s] -- Symlinking: /home/azem/azemauto/ros2_ws/install/my_robot_description/share/my_robot_description/package.xml
[1.375s] Invoked command in '/home/azem/azemauto/ros2_ws/build/my_robot_description' returned '0': CMAKE_PREFIX_PATH=/opt/ros/humble /usr/bin/cmake --install /home/azem/azemauto/ros2_ws/build/my_robot_description
