-- Found ament_cmake: 1.3.13 (/opt/ros/humble/share/ament_cmake/cmake)
-- Override CMake install command with custom implementation using symlinks instead of copying resources
-- Configuring done
-- Generating done
-- Build files have been written to: /home/azem/azemauto/ros2_ws/build/my_robot_description
-- Install configuration: ""
-- Execute custom install script
-- Up-to-date symlink: /home/azem/azemauto/ros2_ws/install/my_robot_description/share/my_robot_description/launch/__pycache__/display_description.launch.cpython-310.pyc
-- Up-to-date symlink: /home/azem/azemauto/ros2_ws/install/my_robot_description/share/my_robot_description/launch/display_description.launch.py
-- Symlinking: /home/azem/azemauto/ros2_ws/install/my_robot_description/share/my_robot_description/rviz/display_description.rviz
-- Up-to-date symlink: /home/azem/azemauto/ros2_ws/install/my_robot_description/share/my_robot_description/urdf/azemauto.urdf.xacro
-- Up-to-date symlink: /home/azem/azemauto/ros2_ws/install/my_robot_description/share/ament_index/resource_index/package_run_dependencies/my_robot_description
-- Up-to-date symlink: /home/azem/azemauto/ros2_ws/install/my_robot_description/share/ament_index/resource_index/parent_prefix_path/my_robot_description
-- Up-to-date symlink: /home/azem/azemauto/ros2_ws/install/my_robot_description/share/my_robot_description/environment/ament_prefix_path.sh
-- Up-to-date symlink: /home/azem/azemauto/ros2_ws/install/my_robot_description/share/my_robot_description/environment/ament_prefix_path.dsv
-- Up-to-date symlink: /home/azem/azemauto/ros2_ws/install/my_robot_description/share/my_robot_description/environment/path.sh
-- Up-to-date symlink: /home/azem/azemauto/ros2_ws/install/my_robot_description/share/my_robot_description/environment/path.dsv
-- Up-to-date symlink: /home/azem/azemauto/ros2_ws/install/my_robot_description/share/my_robot_description/local_setup.bash
-- Up-to-date symlink: /home/azem/azemauto/ros2_ws/install/my_robot_description/share/my_robot_description/local_setup.sh
-- Up-to-date symlink: /home/azem/azemauto/ros2_ws/install/my_robot_description/share/my_robot_description/local_setup.zsh
-- Up-to-date symlink: /home/azem/azemauto/ros2_ws/install/my_robot_description/share/my_robot_description/local_setup.dsv
-- Symlinking: /home/azem/azemauto/ros2_ws/install/my_robot_description/share/my_robot_description/package.dsv
-- Up-to-date symlink: /home/azem/azemauto/ros2_ws/install/my_robot_description/share/ament_index/resource_index/packages/my_robot_description
-- Up-to-date symlink: /home/azem/azemauto/ros2_ws/install/my_robot_description/share/my_robot_description/cmake/my_robot_descriptionConfig.cmake
-- Up-to-date symlink: /home/azem/azemauto/ros2_ws/install/my_robot_description/share/my_robot_description/cmake/my_robot_descriptionConfig-version.cmake
-- Up-to-date symlink: /home/azem/azemauto/ros2_ws/install/my_robot_description/share/my_robot_description/package.xml
