[0.020s] Invoking command in '/home/azem/azemauto/ros2_ws/build/my_robot_description': CMAKE_PREFIX_PATH=/opt/ros/humble /usr/bin/cmake --build /home/azem/azemauto/ros2_ws/build/my_robot_description -- -j12 -l12
[0.047s] -- Found ament_cmake: 1.3.13 (/opt/ros/humble/share/ament_cmake/cmake)
[0.177s] -- Override CMake install command with custom implementation using symlinks instead of copying resources
[0.308s] -- Configuring done
[0.318s] -- Generating done
[0.319s] -- Build files have been written to: /home/azem/azemauto/ros2_ws/build/my_robot_description
[0.366s] Invoked command in '/home/azem/azemauto/ros2_ws/build/my_robot_description' returned '0': CMAKE_PREFIX_PATH=/opt/ros/humble /usr/bin/cmake --build /home/azem/azemauto/ros2_ws/build/my_robot_description -- -j12 -l12
[0.368s] Invoking command in '/home/azem/azemauto/ros2_ws/build/my_robot_description': CMAKE_PREFIX_PATH=/opt/ros/humble /usr/bin/cmake --install /home/azem/azemauto/ros2_ws/build/my_robot_description
[0.379s] -- Install configuration: ""
[0.379s] -- Execute custom install script
[0.380s] -- Up-to-date symlink: /home/azem/azemauto/ros2_ws/install/my_robot_description/share/my_robot_description/launch/__pycache__/display_description.launch.cpython-310.pyc
[0.380s] -- Up-to-date symlink: /home/azem/azemauto/ros2_ws/install/my_robot_description/share/my_robot_description/launch/display_description.launch.py
[0.380s] -- Symlinking: /home/azem/azemauto/ros2_ws/install/my_robot_description/share/my_robot_description/rviz/display_description.rviz
[0.392s] -- Up-to-date symlink: /home/azem/azemauto/ros2_ws/install/my_robot_description/share/my_robot_description/urdf/azemauto.urdf.xacro
[0.392s] -- Up-to-date symlink: /home/azem/azemauto/ros2_ws/install/my_robot_description/share/ament_index/resource_index/package_run_dependencies/my_robot_description
[0.392s] -- Up-to-date symlink: /home/azem/azemauto/ros2_ws/install/my_robot_description/share/ament_index/resource_index/parent_prefix_path/my_robot_description
[0.392s] -- Up-to-date symlink: /home/azem/azemauto/ros2_ws/install/my_robot_description/share/my_robot_description/environment/ament_prefix_path.sh
[0.393s] -- Up-to-date symlink: /home/azem/azemauto/ros2_ws/install/my_robot_description/share/my_robot_description/environment/ament_prefix_path.dsv
[0.393s] -- Up-to-date symlink: /home/azem/azemauto/ros2_ws/install/my_robot_description/share/my_robot_description/environment/path.sh
[0.393s] -- Up-to-date symlink: /home/azem/azemauto/ros2_ws/install/my_robot_description/share/my_robot_description/environment/path.dsv
[0.393s] -- Up-to-date symlink: /home/azem/azemauto/ros2_ws/install/my_robot_description/share/my_robot_description/local_setup.bash
[0.393s] -- Up-to-date symlink: /home/azem/azemauto/ros2_ws/install/my_robot_description/share/my_robot_description/local_setup.sh
[0.393s] -- Up-to-date symlink: /home/azem/azemauto/ros2_ws/install/my_robot_description/share/my_robot_description/local_setup.zsh
[0.393s] -- Up-to-date symlink: /home/azem/azemauto/ros2_ws/install/my_robot_description/share/my_robot_description/local_setup.dsv
[0.393s] -- Symlinking: /home/azem/azemauto/ros2_ws/install/my_robot_description/share/my_robot_description/package.dsv
[0.407s] -- Up-to-date symlink: /home/azem/azemauto/ros2_ws/install/my_robot_description/share/ament_index/resource_index/packages/my_robot_description
[0.407s] -- Up-to-date symlink: /home/azem/azemauto/ros2_ws/install/my_robot_description/share/my_robot_description/cmake/my_robot_descriptionConfig.cmake
[0.407s] -- Up-to-date symlink: /home/azem/azemauto/ros2_ws/install/my_robot_description/share/my_robot_description/cmake/my_robot_descriptionConfig-version.cmake
[0.407s] -- Up-to-date symlink: /home/azem/azemauto/ros2_ws/install/my_robot_description/share/my_robot_description/package.xml
[0.412s] Invoked command in '/home/azem/azemauto/ros2_ws/build/my_robot_description' returned '0': CMAKE_PREFIX_PATH=/opt/ros/humble /usr/bin/cmake --install /home/azem/azemauto/ros2_ws/build/my_robot_description
