[0.105s] DEBUG:colcon:Command line arguments: ['/usr/bin/colcon', 'build', '--symlink-install', '--packages-select', 'my_robot_bridge', 'my_robot_bringup']
[0.105s] DEBUG:colcon:Parsed command line arguments: Namespace(log_base=None, log_level=None, verb_name='build', build_base='build', install_base='install', merge_install=False, symlink_install=True, test_result_base=None, continue_on_error=False, executor='parallel', parallel_workers=12, event_handlers=None, ignore_user_meta=False, metas=['./colcon.meta'], base_paths=['.'], packages_ignore=None, packages_ignore_regex=None, paths=None, packages_up_to=None, packages_up_to_regex=None, packages_above=None, packages_above_and_dependencies=None, packages_above_depth=None, packages_select_by_dep=None, packages_skip_by_dep=None, packages_skip_up_to=None, packages_select_build_failed=False, packages_skip_build_finished=False, packages_select_test_failures=False, packages_skip_test_passed=False, packages_select=['my_robot_bridge', 'my_robot_bringup'], packages_skip=None, packages_select_regex=None, packages_skip_regex=None, packages_start=None, packages_end=None, allow_overriding=[], cmake_args=None, cmake_target=None, cmake_target_skip_unavailable=False, cmake_clean_cache=False, cmake_clean_first=False, cmake_force_configure=False, ament_cmake_args=None, catkin_cmake_args=None, catkin_skip_building_tests=False, verb_parser=<colcon_defaults.argument_parser.defaults.DefaultArgumentsDecorator object at 0x7a1d75414790>, verb_extension=<colcon_core.verb.build.BuildVerb object at 0x7a1d75414190>, main=<bound method BuildVerb.main of <colcon_core.verb.build.BuildVerb object at 0x7a1d75414190>>)
[0.291s] Level 1:colcon.colcon_core.package_discovery:discover_packages(colcon_meta) check parameters
[0.291s] Level 1:colcon.colcon_core.package_discovery:discover_packages(recursive) check parameters
[0.291s] Level 1:colcon.colcon_core.package_discovery:discover_packages(ignore) check parameters
[0.291s] Level 1:colcon.colcon_core.package_discovery:discover_packages(path) check parameters
[0.291s] Level 1:colcon.colcon_core.package_discovery:discover_packages(colcon_meta) discover
[0.291s] Level 1:colcon.colcon_core.package_discovery:discover_packages(recursive) discover
[0.291s] INFO:colcon.colcon_core.package_discovery:Crawling recursively for packages in '/home/azem/azemauto/ros2_ws'
[0.291s] Level 1:colcon.colcon_core.package_identification:_identify(.) by extensions ['ignore', 'ignore_ament_install']
[0.292s] Level 1:colcon.colcon_core.package_identification:_identify(.) by extension 'ignore'
[0.292s] Level 1:colcon.colcon_core.package_identification:_identify(.) by extension 'ignore_ament_install'
[0.292s] Level 1:colcon.colcon_core.package_identification:_identify(.) by extensions ['colcon_pkg']
[0.292s] Level 1:colcon.colcon_core.package_identification:_identify(.) by extension 'colcon_pkg'
[0.292s] Level 1:colcon.colcon_core.package_identification:_identify(.) by extensions ['colcon_meta']
[0.292s] Level 1:colcon.colcon_core.package_identification:_identify(.) by extension 'colcon_meta'
[0.292s] Level 1:colcon.colcon_core.package_identification:_identify(.) by extensions ['ros']
[0.292s] Level 1:colcon.colcon_core.package_identification:_identify(.) by extension 'ros'
[0.303s] Level 1:colcon.colcon_core.package_identification:_identify(.) by extensions ['cmake', 'python']
[0.303s] Level 1:colcon.colcon_core.package_identification:_identify(.) by extension 'cmake'
[0.303s] Level 1:colcon.colcon_core.package_identification:_identify(.) by extension 'python'
[0.303s] Level 1:colcon.colcon_core.package_identification:_identify(.) by extensions ['python_setup_py']
[0.303s] Level 1:colcon.colcon_core.package_identification:_identify(.) by extension 'python_setup_py'
[0.303s] Level 1:colcon.colcon_core.package_identification:_identify(build) by extensions ['ignore', 'ignore_ament_install']
[0.303s] Level 1:colcon.colcon_core.package_identification:_identify(build) by extension 'ignore'
[0.303s] Level 1:colcon.colcon_core.package_identification:_identify(build) ignored
[0.303s] Level 1:colcon.colcon_core.package_identification:_identify(install) by extensions ['ignore', 'ignore_ament_install']
[0.303s] Level 1:colcon.colcon_core.package_identification:_identify(install) by extension 'ignore'
[0.303s] Level 1:colcon.colcon_core.package_identification:_identify(install) ignored
[0.303s] Level 1:colcon.colcon_core.package_identification:_identify(log) by extensions ['ignore', 'ignore_ament_install']
[0.303s] Level 1:colcon.colcon_core.package_identification:_identify(log) by extension 'ignore'
[0.303s] Level 1:colcon.colcon_core.package_identification:_identify(log) ignored
[0.304s] Level 1:colcon.colcon_core.package_identification:_identify(scripts) by extensions ['ignore', 'ignore_ament_install']
[0.304s] Level 1:colcon.colcon_core.package_identification:_identify(scripts) by extension 'ignore'
[0.304s] Level 1:colcon.colcon_core.package_identification:_identify(scripts) by extension 'ignore_ament_install'
[0.304s] Level 1:colcon.colcon_core.package_identification:_identify(scripts) by extensions ['colcon_pkg']
[0.304s] Level 1:colcon.colcon_core.package_identification:_identify(scripts) by extension 'colcon_pkg'
[0.304s] Level 1:colcon.colcon_core.package_identification:_identify(scripts) by extensions ['colcon_meta']
[0.304s] Level 1:colcon.colcon_core.package_identification:_identify(scripts) by extension 'colcon_meta'
[0.304s] Level 1:colcon.colcon_core.package_identification:_identify(scripts) by extensions ['ros']
[0.304s] Level 1:colcon.colcon_core.package_identification:_identify(scripts) by extension 'ros'
[0.304s] Level 1:colcon.colcon_core.package_identification:_identify(scripts) by extensions ['cmake', 'python']
[0.304s] Level 1:colcon.colcon_core.package_identification:_identify(scripts) by extension 'cmake'
[0.304s] Level 1:colcon.colcon_core.package_identification:_identify(scripts) by extension 'python'
[0.304s] Level 1:colcon.colcon_core.package_identification:_identify(scripts) by extensions ['python_setup_py']
[0.304s] Level 1:colcon.colcon_core.package_identification:_identify(scripts) by extension 'python_setup_py'
[0.304s] Level 1:colcon.colcon_core.package_identification:_identify(src) by extensions ['ignore', 'ignore_ament_install']
[0.304s] Level 1:colcon.colcon_core.package_identification:_identify(src) by extension 'ignore'
[0.304s] Level 1:colcon.colcon_core.package_identification:_identify(src) by extension 'ignore_ament_install'
[0.304s] Level 1:colcon.colcon_core.package_identification:_identify(src) by extensions ['colcon_pkg']
[0.304s] Level 1:colcon.colcon_core.package_identification:_identify(src) by extension 'colcon_pkg'
[0.304s] Level 1:colcon.colcon_core.package_identification:_identify(src) by extensions ['colcon_meta']
[0.304s] Level 1:colcon.colcon_core.package_identification:_identify(src) by extension 'colcon_meta'
[0.304s] Level 1:colcon.colcon_core.package_identification:_identify(src) by extensions ['ros']
[0.304s] Level 1:colcon.colcon_core.package_identification:_identify(src) by extension 'ros'
[0.305s] Level 1:colcon.colcon_core.package_identification:_identify(src) by extensions ['cmake', 'python']
[0.305s] Level 1:colcon.colcon_core.package_identification:_identify(src) by extension 'cmake'
[0.305s] Level 1:colcon.colcon_core.package_identification:_identify(src) by extension 'python'
[0.305s] Level 1:colcon.colcon_core.package_identification:_identify(src) by extensions ['python_setup_py']
[0.305s] Level 1:colcon.colcon_core.package_identification:_identify(src) by extension 'python_setup_py'
[0.305s] Level 1:colcon.colcon_core.package_identification:_identify(src/my_robot_bridge) by extensions ['ignore', 'ignore_ament_install']
[0.305s] Level 1:colcon.colcon_core.package_identification:_identify(src/my_robot_bridge) by extension 'ignore'
[0.305s] Level 1:colcon.colcon_core.package_identification:_identify(src/my_robot_bridge) by extension 'ignore_ament_install'
[0.305s] Level 1:colcon.colcon_core.package_identification:_identify(src/my_robot_bridge) by extensions ['colcon_pkg']
[0.305s] Level 1:colcon.colcon_core.package_identification:_identify(src/my_robot_bridge) by extension 'colcon_pkg'
[0.305s] Level 1:colcon.colcon_core.package_identification:_identify(src/my_robot_bridge) by extensions ['colcon_meta']
[0.305s] Level 1:colcon.colcon_core.package_identification:_identify(src/my_robot_bridge) by extension 'colcon_meta'
[0.305s] Level 1:colcon.colcon_core.package_identification:_identify(src/my_robot_bridge) by extensions ['ros']
[0.305s] Level 1:colcon.colcon_core.package_identification:_identify(src/my_robot_bridge) by extension 'ros'
[0.307s] DEBUG:colcon.colcon_core.package_identification:Package 'src/my_robot_bridge' with type 'ros.ament_python' and name 'my_robot_bridge'
[0.308s] Level 1:colcon.colcon_core.package_identification:_identify(src/my_robot_bringup) by extensions ['ignore', 'ignore_ament_install']
[0.308s] Level 1:colcon.colcon_core.package_identification:_identify(src/my_robot_bringup) by extension 'ignore'
[0.308s] Level 1:colcon.colcon_core.package_identification:_identify(src/my_robot_bringup) by extension 'ignore_ament_install'
[0.308s] Level 1:colcon.colcon_core.package_identification:_identify(src/my_robot_bringup) by extensions ['colcon_pkg']
[0.308s] Level 1:colcon.colcon_core.package_identification:_identify(src/my_robot_bringup) by extension 'colcon_pkg'
[0.308s] Level 1:colcon.colcon_core.package_identification:_identify(src/my_robot_bringup) by extensions ['colcon_meta']
[0.308s] Level 1:colcon.colcon_core.package_identification:_identify(src/my_robot_bringup) by extension 'colcon_meta'
[0.308s] Level 1:colcon.colcon_core.package_identification:_identify(src/my_robot_bringup) by extensions ['ros']
[0.308s] Level 1:colcon.colcon_core.package_identification:_identify(src/my_robot_bringup) by extension 'ros'
[0.309s] DEBUG:colcon.colcon_core.package_identification:Package 'src/my_robot_bringup' with type 'ros.ament_python' and name 'my_robot_bringup'
[0.309s] Level 1:colcon.colcon_core.package_identification:_identify(src/my_robot_description) by extensions ['ignore', 'ignore_ament_install']
[0.309s] Level 1:colcon.colcon_core.package_identification:_identify(src/my_robot_description) by extension 'ignore'
[0.309s] Level 1:colcon.colcon_core.package_identification:_identify(src/my_robot_description) by extension 'ignore_ament_install'
[0.309s] Level 1:colcon.colcon_core.package_identification:_identify(src/my_robot_description) by extensions ['colcon_pkg']
[0.309s] Level 1:colcon.colcon_core.package_identification:_identify(src/my_robot_description) by extension 'colcon_pkg'
[0.309s] Level 1:colcon.colcon_core.package_identification:_identify(src/my_robot_description) by extensions ['colcon_meta']
[0.309s] Level 1:colcon.colcon_core.package_identification:_identify(src/my_robot_description) by extension 'colcon_meta'
[0.309s] Level 1:colcon.colcon_core.package_identification:_identify(src/my_robot_description) by extensions ['ros']
[0.309s] Level 1:colcon.colcon_core.package_identification:_identify(src/my_robot_description) by extension 'ros'
[0.309s] DEBUG:colcon.colcon_core.package_identification:Package 'src/my_robot_description' with type 'ros.ament_cmake' and name 'my_robot_description'
[0.310s] Level 1:colcon.colcon_core.package_identification:_identify(src/my_robot_rviz) by extensions ['ignore', 'ignore_ament_install']
[0.310s] Level 1:colcon.colcon_core.package_identification:_identify(src/my_robot_rviz) by extension 'ignore'
[0.310s] Level 1:colcon.colcon_core.package_identification:_identify(src/my_robot_rviz) by extension 'ignore_ament_install'
[0.310s] Level 1:colcon.colcon_core.package_identification:_identify(src/my_robot_rviz) by extensions ['colcon_pkg']
[0.310s] Level 1:colcon.colcon_core.package_identification:_identify(src/my_robot_rviz) by extension 'colcon_pkg'
[0.310s] Level 1:colcon.colcon_core.package_identification:_identify(src/my_robot_rviz) by extensions ['colcon_meta']
[0.310s] Level 1:colcon.colcon_core.package_identification:_identify(src/my_robot_rviz) by extension 'colcon_meta'
[0.310s] Level 1:colcon.colcon_core.package_identification:_identify(src/my_robot_rviz) by extensions ['ros']
[0.310s] Level 1:colcon.colcon_core.package_identification:_identify(src/my_robot_rviz) by extension 'ros'
[0.310s] DEBUG:colcon.colcon_core.package_identification:Package 'src/my_robot_rviz' with type 'ros.ament_cmake' and name 'my_robot_rviz'
[0.310s] Level 1:colcon.colcon_core.package_discovery:discover_packages(recursive) using defaults
[0.310s] Level 1:colcon.colcon_core.package_discovery:discover_packages(ignore) discover
[0.310s] Level 1:colcon.colcon_core.package_discovery:discover_packages(ignore) using defaults
[0.310s] Level 1:colcon.colcon_core.package_discovery:discover_packages(path) discover
[0.311s] Level 1:colcon.colcon_core.package_discovery:discover_packages(path) using defaults
[0.337s] INFO:colcon.colcon_core.package_selection:Skipping not selected package 'my_robot_description' in 'src/my_robot_description'
[0.337s] INFO:colcon.colcon_core.package_selection:Skipping not selected package 'my_robot_rviz' in 'src/my_robot_rviz'
[0.338s] Level 1:colcon.colcon_core.package_discovery:discover_packages(prefix_path) check parameters
[0.338s] Level 1:colcon.colcon_core.package_discovery:discover_packages(prefix_path) discover
[0.343s] DEBUG:colcon.colcon_installed_package_information.package_discovery:Found 370 installed packages in /opt/ros/humble
[0.344s] Level 1:colcon.colcon_core.package_discovery:discover_packages(prefix_path) using defaults
[0.383s] Level 5:colcon.colcon_core.verb:set package 'my_robot_bridge' build argument 'cmake_args' from command line to 'None'
[0.383s] Level 5:colcon.colcon_core.verb:set package 'my_robot_bridge' build argument 'cmake_target' from command line to 'None'
[0.383s] Level 5:colcon.colcon_core.verb:set package 'my_robot_bridge' build argument 'cmake_target_skip_unavailable' from command line to 'False'
[0.383s] Level 5:colcon.colcon_core.verb:set package 'my_robot_bridge' build argument 'cmake_clean_cache' from command line to 'False'
[0.383s] Level 5:colcon.colcon_core.verb:set package 'my_robot_bridge' build argument 'cmake_clean_first' from command line to 'False'
[0.383s] Level 5:colcon.colcon_core.verb:set package 'my_robot_bridge' build argument 'cmake_force_configure' from command line to 'False'
[0.383s] Level 5:colcon.colcon_core.verb:set package 'my_robot_bridge' build argument 'ament_cmake_args' from command line to 'None'
[0.383s] Level 5:colcon.colcon_core.verb:set package 'my_robot_bridge' build argument 'catkin_cmake_args' from command line to 'None'
[0.383s] Level 5:colcon.colcon_core.verb:set package 'my_robot_bridge' build argument 'catkin_skip_building_tests' from command line to 'False'
[0.383s] DEBUG:colcon.colcon_core.verb:Building package 'my_robot_bridge' with the following arguments: {'ament_cmake_args': None, 'build_base': '/home/azem/azemauto/ros2_ws/build/my_robot_bridge', 'catkin_cmake_args': None, 'catkin_skip_building_tests': False, 'cmake_args': None, 'cmake_clean_cache': False, 'cmake_clean_first': False, 'cmake_force_configure': False, 'cmake_target': None, 'cmake_target_skip_unavailable': False, 'install_base': '/home/azem/azemauto/ros2_ws/install/my_robot_bridge', 'merge_install': False, 'path': '/home/azem/azemauto/ros2_ws/src/my_robot_bridge', 'symlink_install': True, 'test_result_base': None}
[0.383s] Level 5:colcon.colcon_core.verb:set package 'my_robot_bringup' build argument 'cmake_args' from command line to 'None'
[0.383s] Level 5:colcon.colcon_core.verb:set package 'my_robot_bringup' build argument 'cmake_target' from command line to 'None'
[0.383s] Level 5:colcon.colcon_core.verb:set package 'my_robot_bringup' build argument 'cmake_target_skip_unavailable' from command line to 'False'
[0.383s] Level 5:colcon.colcon_core.verb:set package 'my_robot_bringup' build argument 'cmake_clean_cache' from command line to 'False'
[0.383s] Level 5:colcon.colcon_core.verb:set package 'my_robot_bringup' build argument 'cmake_clean_first' from command line to 'False'
[0.383s] Level 5:colcon.colcon_core.verb:set package 'my_robot_bringup' build argument 'cmake_force_configure' from command line to 'False'
[0.384s] Level 5:colcon.colcon_core.verb:set package 'my_robot_bringup' build argument 'ament_cmake_args' from command line to 'None'
[0.384s] Level 5:colcon.colcon_core.verb:set package 'my_robot_bringup' build argument 'catkin_cmake_args' from command line to 'None'
[0.384s] Level 5:colcon.colcon_core.verb:set package 'my_robot_bringup' build argument 'catkin_skip_building_tests' from command line to 'False'
[0.384s] DEBUG:colcon.colcon_core.verb:Building package 'my_robot_bringup' with the following arguments: {'ament_cmake_args': None, 'build_base': '/home/azem/azemauto/ros2_ws/build/my_robot_bringup', 'catkin_cmake_args': None, 'catkin_skip_building_tests': False, 'cmake_args': None, 'cmake_clean_cache': False, 'cmake_clean_first': False, 'cmake_force_configure': False, 'cmake_target': None, 'cmake_target_skip_unavailable': False, 'install_base': '/home/azem/azemauto/ros2_ws/install/my_robot_bringup', 'merge_install': False, 'path': '/home/azem/azemauto/ros2_ws/src/my_robot_bringup', 'symlink_install': True, 'test_result_base': None}
[0.384s] INFO:colcon.colcon_core.executor:Executing jobs using 'parallel' executor
[0.385s] DEBUG:colcon.colcon_parallel_executor.executor.parallel:run_until_complete
[0.385s] INFO:colcon.colcon_ros.task.ament_python.build:Building ROS package in '/home/azem/azemauto/ros2_ws/src/my_robot_bridge' with build type 'ament_python'
[0.385s] Level 1:colcon.colcon_core.shell:create_environment_hook('my_robot_bridge', 'ament_prefix_path')
[0.387s] INFO:colcon.colcon_core.plugin_system:Skipping extension 'colcon_core.shell.bat': Not used on non-Windows systems
[0.388s] INFO:colcon.colcon_core.shell:Creating environment hook '/home/azem/azemauto/ros2_ws/install/my_robot_bridge/share/my_robot_bridge/hook/ament_prefix_path.ps1'
[0.388s] INFO:colcon.colcon_core.shell:Creating environment descriptor '/home/azem/azemauto/ros2_ws/install/my_robot_bridge/share/my_robot_bridge/hook/ament_prefix_path.dsv'
[0.389s] INFO:colcon.colcon_core.shell:Creating environment hook '/home/azem/azemauto/ros2_ws/install/my_robot_bridge/share/my_robot_bridge/hook/ament_prefix_path.sh'
[0.389s] INFO:colcon.colcon_core.shell:Skip shell extension 'powershell' for command environment: Not usable outside of PowerShell
[0.389s] DEBUG:colcon.colcon_core.shell:Skip shell extension 'dsv' for command environment
[30.623s] INFO:colcon.colcon_core.task.python.build:Building Python package in '/home/azem/azemauto/ros2_ws/src/my_robot_bridge'
[30.624s] INFO:colcon.colcon_core.shell:Skip shell extension 'powershell' for command environment: Not usable outside of PowerShell
[30.624s] DEBUG:colcon.colcon_core.shell:Skip shell extension 'dsv' for command environment
[31.023s] DEBUG:colcon.colcon_core.event_handler.log_command:Invoking command in '/home/azem/azemauto/ros2_ws/build/my_robot_bridge': PYTHONPATH=/home/azem/azemauto/ros2_ws/build/my_robot_bridge/prefix_override:/usr/lib/python3/dist-packages/colcon_core/task/python/colcon_distutils_commands:/home/azem/azemauto/ros2_ws/install/my_robot_bridge/lib/python3.10/site-packages:${PYTHONPATH} /usr/bin/python3 -W ignore:setup.py install is deprecated -W ignore:easy_install command is deprecated setup.py develop --editable --build-directory /home/azem/azemauto/ros2_ws/build/my_robot_bridge/build --no-deps symlink_data
[31.440s] Level 1:colcon.colcon_core.shell:create_environment_hook('my_robot_bridge', 'pythonpath_develop')
[31.440s] INFO:colcon.colcon_core.shell:Creating environment hook '/home/azem/azemauto/ros2_ws/build/my_robot_bridge/share/my_robot_bridge/hook/pythonpath_develop.ps1'
[31.441s] DEBUG:colcon.colcon_core.event_handler.log_command:Invoked command in '/home/azem/azemauto/ros2_ws/build/my_robot_bridge' returned '0': PYTHONPATH=/home/azem/azemauto/ros2_ws/build/my_robot_bridge/prefix_override:/usr/lib/python3/dist-packages/colcon_core/task/python/colcon_distutils_commands:/home/azem/azemauto/ros2_ws/install/my_robot_bridge/lib/python3.10/site-packages:${PYTHONPATH} /usr/bin/python3 -W ignore:setup.py install is deprecated -W ignore:easy_install command is deprecated setup.py develop --editable --build-directory /home/azem/azemauto/ros2_ws/build/my_robot_bridge/build --no-deps symlink_data
[31.441s] INFO:colcon.colcon_core.shell:Creating environment descriptor '/home/azem/azemauto/ros2_ws/build/my_robot_bridge/share/my_robot_bridge/hook/pythonpath_develop.dsv'
[31.441s] INFO:colcon.colcon_core.shell:Creating environment hook '/home/azem/azemauto/ros2_ws/build/my_robot_bridge/share/my_robot_bridge/hook/pythonpath_develop.sh'
[31.445s] Level 1:colcon.colcon_core.environment:checking '/home/azem/azemauto/ros2_ws/install/my_robot_bridge' for CMake module files
[31.445s] Level 1:colcon.colcon_core.environment:checking '/home/azem/azemauto/ros2_ws/install/my_robot_bridge' for CMake config files
[31.446s] Level 1:colcon.colcon_core.environment:checking '/home/azem/azemauto/ros2_ws/install/my_robot_bridge/lib'
[31.446s] Level 1:colcon.colcon_core.environment:checking '/home/azem/azemauto/ros2_ws/install/my_robot_bridge/bin'
[31.446s] Level 1:colcon.colcon_core.environment:checking '/home/azem/azemauto/ros2_ws/install/my_robot_bridge/lib/pkgconfig/my_robot_bridge.pc'
[31.447s] Level 1:colcon.colcon_core.environment:checking '/home/azem/azemauto/ros2_ws/install/my_robot_bridge/lib/python3.10/site-packages'
[31.447s] Level 1:colcon.colcon_core.shell:create_environment_hook('my_robot_bridge', 'pythonpath')
[31.447s] INFO:colcon.colcon_core.shell:Creating environment hook '/home/azem/azemauto/ros2_ws/install/my_robot_bridge/share/my_robot_bridge/hook/pythonpath.ps1'
[31.447s] INFO:colcon.colcon_core.shell:Creating environment descriptor '/home/azem/azemauto/ros2_ws/install/my_robot_bridge/share/my_robot_bridge/hook/pythonpath.dsv'
[31.448s] INFO:colcon.colcon_core.shell:Creating environment hook '/home/azem/azemauto/ros2_ws/install/my_robot_bridge/share/my_robot_bridge/hook/pythonpath.sh'
[31.448s] Level 1:colcon.colcon_core.environment:checking '/home/azem/azemauto/ros2_ws/install/my_robot_bridge/bin'
[31.448s] Level 1:colcon.colcon_core.environment:create_environment_scripts_only(my_robot_bridge)
[31.449s] INFO:colcon.colcon_core.shell:Creating package script '/home/azem/azemauto/ros2_ws/install/my_robot_bridge/share/my_robot_bridge/package.ps1'
[31.450s] INFO:colcon.colcon_core.shell:Creating package descriptor '/home/azem/azemauto/ros2_ws/install/my_robot_bridge/share/my_robot_bridge/package.dsv'
[31.450s] INFO:colcon.colcon_core.shell:Creating package script '/home/azem/azemauto/ros2_ws/install/my_robot_bridge/share/my_robot_bridge/package.sh'
[31.451s] INFO:colcon.colcon_core.shell:Creating package script '/home/azem/azemauto/ros2_ws/install/my_robot_bridge/share/my_robot_bridge/package.bash'
[31.452s] INFO:colcon.colcon_core.shell:Creating package script '/home/azem/azemauto/ros2_ws/install/my_robot_bridge/share/my_robot_bridge/package.zsh'
[31.453s] Level 1:colcon.colcon_core.environment:create_file_with_runtime_dependencies(/home/azem/azemauto/ros2_ws/install/my_robot_bridge/share/colcon-core/packages/my_robot_bridge)
[31.453s] INFO:colcon.colcon_ros.task.ament_python.build:Building ROS package in '/home/azem/azemauto/ros2_ws/src/my_robot_bringup' with build type 'ament_python'
[31.453s] Level 1:colcon.colcon_core.shell:create_environment_hook('my_robot_bringup', 'ament_prefix_path')
[31.453s] INFO:colcon.colcon_core.shell:Creating environment hook '/home/azem/azemauto/ros2_ws/install/my_robot_bringup/share/my_robot_bringup/hook/ament_prefix_path.ps1'
[31.454s] INFO:colcon.colcon_core.shell:Creating environment descriptor '/home/azem/azemauto/ros2_ws/install/my_robot_bringup/share/my_robot_bringup/hook/ament_prefix_path.dsv'
[31.455s] INFO:colcon.colcon_core.shell:Creating environment hook '/home/azem/azemauto/ros2_ws/install/my_robot_bringup/share/my_robot_bringup/hook/ament_prefix_path.sh'
[31.455s] INFO:colcon.colcon_core.shell:Skip shell extension 'powershell' for command environment: Not usable outside of PowerShell
[31.455s] DEBUG:colcon.colcon_core.shell:Skip shell extension 'dsv' for command environment
[31.688s] INFO:colcon.colcon_core.task.python.build:Building Python package in '/home/azem/azemauto/ros2_ws/src/my_robot_bringup'
[31.688s] INFO:colcon.colcon_core.shell:Skip shell extension 'powershell' for command environment: Not usable outside of PowerShell
[31.688s] DEBUG:colcon.colcon_core.shell:Skip shell extension 'dsv' for command environment
[31.988s] DEBUG:colcon.colcon_core.event_handler.log_command:Invoking command in '/home/azem/azemauto/ros2_ws/build/my_robot_bringup': AMENT_PREFIX_PATH=/home/azem/azemauto/ros2_ws/install/my_robot_rviz:/home/azem/azemauto/ros2_ws/install/my_robot_description:/home/azem/azemauto/ros2_ws/install/my_robot_bridge:${AMENT_PREFIX_PATH} CMAKE_PREFIX_PATH=/home/azem/azemauto/ros2_ws/install/my_robot_rviz:/home/azem/azemauto/ros2_ws/install/my_robot_description PYTHONPATH=/home/azem/azemauto/ros2_ws/build/my_robot_bringup/prefix_override:/usr/lib/python3/dist-packages/colcon_core/task/python/colcon_distutils_commands:/home/azem/azemauto/ros2_ws/install/my_robot_bringup/lib/python3.10/site-packages:/home/azem/azemauto/ros2_ws/build/my_robot_bridge:/home/azem/azemauto/ros2_ws/install/my_robot_bridge/lib/python3.10/site-packages:${PYTHONPATH} /usr/bin/python3 -W ignore:setup.py install is deprecated -W ignore:easy_install command is deprecated setup.py develop --editable --build-directory /home/azem/azemauto/ros2_ws/build/my_robot_bringup/build --no-deps symlink_data
[32.366s] Level 1:colcon.colcon_core.shell:create_environment_hook('my_robot_bringup', 'pythonpath_develop')
[32.366s] INFO:colcon.colcon_core.shell:Creating environment hook '/home/azem/azemauto/ros2_ws/build/my_robot_bringup/share/my_robot_bringup/hook/pythonpath_develop.ps1'
[32.367s] DEBUG:colcon.colcon_core.event_handler.log_command:Invoked command in '/home/azem/azemauto/ros2_ws/build/my_robot_bringup' returned '0': AMENT_PREFIX_PATH=/home/azem/azemauto/ros2_ws/install/my_robot_rviz:/home/azem/azemauto/ros2_ws/install/my_robot_description:/home/azem/azemauto/ros2_ws/install/my_robot_bridge:${AMENT_PREFIX_PATH} CMAKE_PREFIX_PATH=/home/azem/azemauto/ros2_ws/install/my_robot_rviz:/home/azem/azemauto/ros2_ws/install/my_robot_description PYTHONPATH=/home/azem/azemauto/ros2_ws/build/my_robot_bringup/prefix_override:/usr/lib/python3/dist-packages/colcon_core/task/python/colcon_distutils_commands:/home/azem/azemauto/ros2_ws/install/my_robot_bringup/lib/python3.10/site-packages:/home/azem/azemauto/ros2_ws/build/my_robot_bridge:/home/azem/azemauto/ros2_ws/install/my_robot_bridge/lib/python3.10/site-packages:${PYTHONPATH} /usr/bin/python3 -W ignore:setup.py install is deprecated -W ignore:easy_install command is deprecated setup.py develop --editable --build-directory /home/azem/azemauto/ros2_ws/build/my_robot_bringup/build --no-deps symlink_data
[32.367s] INFO:colcon.colcon_core.shell:Creating environment descriptor '/home/azem/azemauto/ros2_ws/build/my_robot_bringup/share/my_robot_bringup/hook/pythonpath_develop.dsv'
[32.367s] INFO:colcon.colcon_core.shell:Creating environment hook '/home/azem/azemauto/ros2_ws/build/my_robot_bringup/share/my_robot_bringup/hook/pythonpath_develop.sh'
[32.368s] Level 1:colcon.colcon_core.environment:checking '/home/azem/azemauto/ros2_ws/install/my_robot_bringup' for CMake module files
[32.368s] Level 1:colcon.colcon_core.environment:checking '/home/azem/azemauto/ros2_ws/install/my_robot_bringup' for CMake config files
[32.369s] Level 1:colcon.colcon_core.environment:checking '/home/azem/azemauto/ros2_ws/install/my_robot_bringup/lib'
[32.369s] Level 1:colcon.colcon_core.environment:checking '/home/azem/azemauto/ros2_ws/install/my_robot_bringup/bin'
[32.369s] Level 1:colcon.colcon_core.environment:checking '/home/azem/azemauto/ros2_ws/install/my_robot_bringup/lib/pkgconfig/my_robot_bringup.pc'
[32.369s] Level 1:colcon.colcon_core.environment:checking '/home/azem/azemauto/ros2_ws/install/my_robot_bringup/lib/python3.10/site-packages'
[32.369s] Level 1:colcon.colcon_core.shell:create_environment_hook('my_robot_bringup', 'pythonpath')
[32.369s] INFO:colcon.colcon_core.shell:Creating environment hook '/home/azem/azemauto/ros2_ws/install/my_robot_bringup/share/my_robot_bringup/hook/pythonpath.ps1'
[32.370s] INFO:colcon.colcon_core.shell:Creating environment descriptor '/home/azem/azemauto/ros2_ws/install/my_robot_bringup/share/my_robot_bringup/hook/pythonpath.dsv'
[32.370s] INFO:colcon.colcon_core.shell:Creating environment hook '/home/azem/azemauto/ros2_ws/install/my_robot_bringup/share/my_robot_bringup/hook/pythonpath.sh'
[32.371s] Level 1:colcon.colcon_core.environment:checking '/home/azem/azemauto/ros2_ws/install/my_robot_bringup/bin'
[32.371s] Level 1:colcon.colcon_core.environment:create_environment_scripts_only(my_robot_bringup)
[32.371s] INFO:colcon.colcon_core.shell:Creating package script '/home/azem/azemauto/ros2_ws/install/my_robot_bringup/share/my_robot_bringup/package.ps1'
[32.372s] INFO:colcon.colcon_core.shell:Creating package descriptor '/home/azem/azemauto/ros2_ws/install/my_robot_bringup/share/my_robot_bringup/package.dsv'
[32.372s] INFO:colcon.colcon_core.shell:Creating package script '/home/azem/azemauto/ros2_ws/install/my_robot_bringup/share/my_robot_bringup/package.sh'
[32.373s] INFO:colcon.colcon_core.shell:Creating package script '/home/azem/azemauto/ros2_ws/install/my_robot_bringup/share/my_robot_bringup/package.bash'
[32.373s] INFO:colcon.colcon_core.shell:Creating package script '/home/azem/azemauto/ros2_ws/install/my_robot_bringup/share/my_robot_bringup/package.zsh'
[32.373s] Level 1:colcon.colcon_core.environment:create_file_with_runtime_dependencies(/home/azem/azemauto/ros2_ws/install/my_robot_bringup/share/colcon-core/packages/my_robot_bringup)
[32.374s] DEBUG:colcon.colcon_parallel_executor.executor.parallel:closing loop
[32.374s] DEBUG:colcon.colcon_parallel_executor.executor.parallel:loop closed
[32.374s] DEBUG:colcon.colcon_parallel_executor.executor.parallel:run_until_complete finished with '0'
[32.374s] DEBUG:colcon.colcon_core.event_reactor:joining thread
[32.380s] INFO:colcon.colcon_core.plugin_system:Skipping extension 'colcon_notification.desktop_notification.terminal_notifier': Not used on non-Darwin systems
[32.380s] INFO:colcon.colcon_core.plugin_system:Skipping extension 'colcon_notification.desktop_notification.win32': Not used on non-Windows systems
[32.380s] INFO:colcon.colcon_notification.desktop_notification:Sending desktop notification using 'notify2'
[32.380s] DEBUG:colcon.colcon_notification.desktop_notification.notify2:Failed to initialize notify2: org.freedesktop.DBus.Error.AccessDenied: Failed to connect to socket /run/user/1000/bus: Operation not permitted
[32.380s] DEBUG:colcon.colcon_core.event_reactor:joined thread
[32.380s] INFO:colcon.colcon_core.shell:Creating prefix script '/home/azem/azemauto/ros2_ws/install/local_setup.ps1'
[32.381s] INFO:colcon.colcon_core.shell:Creating prefix util module '/home/azem/azemauto/ros2_ws/install/_local_setup_util_ps1.py'
[32.383s] INFO:colcon.colcon_core.shell:Creating prefix chain script '/home/azem/azemauto/ros2_ws/install/setup.ps1'
[32.384s] INFO:colcon.colcon_core.shell:Creating prefix script '/home/azem/azemauto/ros2_ws/install/local_setup.sh'
[32.384s] INFO:colcon.colcon_core.shell:Creating prefix util module '/home/azem/azemauto/ros2_ws/install/_local_setup_util_sh.py'
[32.385s] INFO:colcon.colcon_core.shell:Creating prefix chain script '/home/azem/azemauto/ros2_ws/install/setup.sh'
[32.386s] INFO:colcon.colcon_core.shell:Creating prefix script '/home/azem/azemauto/ros2_ws/install/local_setup.bash'
[32.386s] INFO:colcon.colcon_core.shell:Creating prefix chain script '/home/azem/azemauto/ros2_ws/install/setup.bash'
[32.387s] INFO:colcon.colcon_core.shell:Creating prefix script '/home/azem/azemauto/ros2_ws/install/local_setup.zsh'
[32.387s] INFO:colcon.colcon_core.shell:Creating prefix chain script '/home/azem/azemauto/ros2_ws/install/setup.zsh'
